#
# A fatal error has been detected by the Java Runtime Environment:
#
#  SIGSEGV (0xb) at pc=0x000000011034bcdd, pid=795, tid=0x000000000000e907
#
# JRE version: Java(TM) SE Runtime Environment (8.0_102-b14) (build 1.8.0_102-b14)
# Java VM: Java HotSpot(TM) 64-Bit Server VM (25.102-b14 mixed mode bsd-amd64 compressed oops)
# Problematic frame:
# C  [libawt_lwawt.dylib+0x1acdd]  OGLSD_SetScratchSurface+0x49
#
# Failed to write core dump. Core dumps have been disabled. To enable core dumping, try "ulimit -c unlimited" before starting Java again
#
# If you would like to submit a bug report, please visit:
#   http://bugreport.java.com/bugreport/crash.jsp
# The crash happened outside the Java Virtual Machine in native code.
# See problematic frame for where to report the bug.
#

---------------  T H R E A D  ---------------

Current thread (0x00007fcbbd9fe000):  JavaThread "Java2D Queue Flusher" daemon [_thread_in_native, id=59655, stack(0x00007000067bf000,0x00007000068bf000)]

siginfo: si_signo: 11 (SIGSEGV), si_code: 1 (SEGV_MAPERR), si_addr: 0x0000000000000002

Registers:
RAX=0x00000000ffffffff, RBX=0x0000000000000002, RCX=0x0000000000000047, RDX=0x000000011036c844
RSP=0x00007000068be750, RBP=0x00007000068be770, RSI=0x00007fcbb9fd84d0, RDI=0x00007fcbbd9fe1f8
R8 =0x00007fcbb9c5f440, R9 =0x0000000000008243, R10=0x0000000112df4a38, R11=0x0000000000000020
R12=0x0000000000000000, R13=0x0000000113189470, R14=0x00007fcbbd9fe1f8, R15=0x00007fcbbd9fe000
RIP=0x000000011034bcdd, EFLAGS=0x0000000000010202, ERR=0x0000000000000004
  TRAPNO=0x000000000000000e

Top of Stack: (sp=0x00007000068be750)
0x00007000068be750:   00007fcbb9fd84d0 0000000000000000
0x00007000068be760:   00007fcbbda32610 00007fcbbd9fe000
0x00007000068be770:   00007000068be7f0 000000011036c322
0x00007000068be780:   00007fcbbd9fe000 00007fcbb9c5efa8
0x00007000068be790:   00007000068be7c0 0000000109736ed4
0x00007000068be7a0:   0000000000000064 0000000000000000
0x00007000068be7b0:   0000000000000064 00007fcbbda32620
0x00007000068be7c0:   00007000008be820 00007fcbbd9fe1f8
0x00007000068be7d0:   00000006c0276df8 0000000000000000
0x00007000068be7e0:   00007000068be830 00007fcbbd9fe000
0x00007000068be7f0:   00007000068be840 0000000112df4aaa
0x00007000068be800:   00000006c0276df8 0000000000000118
0x00007000068be810:   00007000068be830 00007fcbbd9fe000
0x00007000068be820:   00007000068be870 000000011318dae8
0x00007000068be830:   00000006c0276ed0 0000000000000007
0x00007000068be840:   00000006c0276df8 0000000112c50450
0x00007000068be850:   00000001c11720c0 0000000000000000
0x00007000068be860:   00007fcbb9d5a1b0 000000010ff00ac0
0x00007000068be870:   00007000068be9d0 000000011367b504
0x00007000068be880:   00000000000000e7 000000010ff00ac0
0x00007000068be890:   0000000000000000 0000000000000000
0x00007000068be8a0:   0000000000000000 0000000100000000
0x00007000068be8b0:   00000000000000dc 0000000000000000
0x00007000068be8c0:   00007000068be968 00007fcbbd9fe000
0x00007000068be8d0:   00007000068be940 0000000112b1ab6c
0x00007000068be8e0:   0000000100000000 00000006c0276ed0
0x00007000068be8f0:   00000006c0276ed0 0000000600000000
0x00007000068be900:   00007000068be8f0 000000011367a790
0x00007000068be910:   00007000068be968 000000010ff00b50
0x00007000068be920:   0000000000000001 00000006c0276ed0
0x00007000068be930:   0000000000000000 00007000068be968
0x00007000068be940:   00007000068be9d0 0000000112afa7a7 

Instructions: (pc=0x000000011034bcdd)
0x000000011034bcbd:   c0 e9 82 00 00 00 48 8b 5e 10 48 85 db 75 0e bf
0x000000011034bccd:   01 00 00 00 48 8d 15 ef 76 03 00 eb d6 49 89 fe
0x000000011034bcdd:   4c 8b 3b 30 c0 e8 83 a3 02 00 49 8b 3f 49 89 c4
0x000000011034bced:   48 8b 35 34 f9 05 00 30 c0 e8 cb a4 02 00 48 85 

Register to memory mapping:

RAX=0x00000000ffffffff is an unknown value
RBX=0x0000000000000002 is an unknown value
RCX=0x0000000000000047 is an unknown value
RDX=0x000000011036c844: Java_sun_java2d_opengl_OGLRenderQueue_flushBuffer+0xb5c in /Library/Java/JavaVirtualMachines/jdk1.8.0_102.jdk/Contents/Home/jre/lib/libawt_lwawt.dylib at 0x0000000110331000
RSP=0x00007000068be750 is pointing into the stack for thread: 0x00007fcbbd9fe000
RBP=0x00007000068be770 is pointing into the stack for thread: 0x00007fcbbd9fe000
RSI=0x00007fcbb9fd84d0 is an unknown value
RDI=0x00007fcbbd9fe1f8 is an unknown value
R8 =0x00007fcbb9c5f440 is an unknown value
R9 =0x0000000000008243 is an unknown value
R10=0x0000000112df4a38 is at entry_point+56 in (nmethod*)0x0000000112df4890
R11=0x0000000000000020 is an unknown value
R12=0x0000000000000000 is an unknown value
R13=0x0000000113189470 is at entry_point+144 in (nmethod*)0x0000000113189290
R14=0x00007fcbbd9fe1f8 is an unknown value
R15=0x00007fcbbd9fe000 is a thread


Stack: [0x00007000067bf000,0x00007000068bf000],  sp=0x00007000068be750,  free space=1021k
Native frames: (J=compiled Java code, j=interpreted, Vv=VM code, C=native code)
C  [libawt_lwawt.dylib+0x1acdd]  OGLSD_SetScratchSurface+0x49
C  [libawt_lwawt.dylib+0x3b322]  Java_sun_java2d_opengl_OGLRenderQueue_flushBuffer+0x63a
J 2857  sun.java2d.opengl.OGLRenderQueue.flushBuffer(JI)V (0 bytes) @ 0x0000000112df4aaa [0x0000000112df4a00+0xaa]
J 5591 C2 sun.java2d.opengl.OGLRenderQueue.flushBuffer()V (41 bytes) @ 0x0000000112c50450 [0x0000000112c50400+0x50]
J 5535% C1 sun.java2d.opengl.OGLRenderQueue$QueueFlusher.run()V (234 bytes) @ 0x000000011367b504 [0x000000011367ab40+0x9c4]
v  ~StubRoutines::call_stub
V  [libjvm.dylib+0x2ed5e2]  JavaCalls::call_helper(JavaValue*, methodHandle*, JavaCallArguments*, Thread*)+0x6ae
V  [libjvm.dylib+0x2edd70]  JavaCalls::call_virtual(JavaValue*, KlassHandle, Symbol*, Symbol*, JavaCallArguments*, Thread*)+0x164
V  [libjvm.dylib+0x2edf1c]  JavaCalls::call_virtual(JavaValue*, Handle, KlassHandle, Symbol*, Symbol*, Thread*)+0x4a
V  [libjvm.dylib+0x348691]  thread_entry(JavaThread*, Thread*)+0x7c
V  [libjvm.dylib+0x56a4db]  JavaThread::thread_main_inner()+0x9b
V  [libjvm.dylib+0x56bbc8]  JavaThread::run()+0x1c2
V  [libjvm.dylib+0x489ed2]  java_start(Thread*)+0xf6
C  [libsystem_pthread.dylib+0x3aab]  _pthread_body+0xb4
C  [libsystem_pthread.dylib+0x39f7]  _pthread_body+0x0
C  [libsystem_pthread.dylib+0x31fd]  thread_start+0xd
C  0x0000000000000000

Java frames: (J=compiled Java code, j=interpreted, Vv=VM code)
J 2857  sun.java2d.opengl.OGLRenderQueue.flushBuffer(JI)V (0 bytes) @ 0x0000000112df4a38 [0x0000000112df4a00+0x38]
J 5591 C2 sun.java2d.opengl.OGLRenderQueue.flushBuffer()V (41 bytes) @ 0x0000000112c50450 [0x0000000112c50400+0x50]
J 5535% C1 sun.java2d.opengl.OGLRenderQueue$QueueFlusher.run()V (234 bytes) @ 0x000000011367b504 [0x000000011367ab40+0x9c4]
v  ~StubRoutines::call_stub

---------------  P R O C E S S  ---------------

Java Threads: ( => current thread )
  0x00007fcbbdcd2000 JavaThread "TimerQueue" daemon [_thread_blocked, id=72523, stack(0x0000700006c51000,0x0000700006d51000)]
  0x00007fcbba000000 JavaThread "DestroyJavaVM" [_thread_blocked, id=7171, stack(0x0000700004f71000,0x0000700005071000)]
  0x00007fcbbaace000 JavaThread "AWT-EventQueue-0" [_thread_in_Java, id=63035, stack(0x0000700006acb000,0x0000700006bcb000)]
  0x00007fcbba16b000 JavaThread "Java2D Disposer" daemon [_thread_blocked, id=61703, stack(0x00007000068c2000,0x00007000069c2000)]
=>0x00007fcbbd9fe000 JavaThread "Java2D Queue Flusher" daemon [_thread_in_native, id=59655, stack(0x00007000067bf000,0x00007000068bf000)]
  0x00007fcbbd970800 JavaThread "AWT-Shutdown" [_thread_blocked, id=34079, stack(0x0000700006533000,0x0000700006633000)]
  0x00007fcbbd970000 JavaThread "AppKit Thread" daemon [_thread_in_native, id=775, stack(0x00007fff573e5000,0x00007fff57be5000)]
  0x00007fcbbd000000 JavaThread "Monitor Ctrl-Break" daemon [_thread_in_native, id=22275, stack(0x00007000062aa000,0x00007000063aa000)]
  0x00007fcbbb82c000 JavaThread "Service Thread" daemon [_thread_blocked, id=21251, stack(0x00007000060a4000,0x00007000061a4000)]
  0x00007fcbbc804000 JavaThread "C1 CompilerThread3" daemon [_thread_blocked, id=20739, stack(0x0000700005fa1000,0x00007000060a1000)]
  0x00007fcbbc803000 JavaThread "C2 CompilerThread2" daemon [_thread_blocked, id=20227, stack(0x0000700005e9e000,0x0000700005f9e000)]
  0x00007fcbbd806800 JavaThread "C2 CompilerThread1" daemon [_thread_blocked, id=19715, stack(0x0000700005d9b000,0x0000700005e9b000)]
  0x00007fcbbd807800 JavaThread "C2 CompilerThread0" daemon [_thread_blocked, id=19203, stack(0x0000700005c98000,0x0000700005d98000)]
  0x00007fcbbd805800 JavaThread "Signal Dispatcher" daemon [_thread_blocked, id=18691, stack(0x0000700005b95000,0x0000700005c95000)]
  0x00007fcbba800800 JavaThread "Finalizer" daemon [_thread_blocked, id=14595, stack(0x0000700005a92000,0x0000700005b92000)]
  0x00007fcbbb035000 JavaThread "Reference Handler" daemon [_thread_blocked, id=14083, stack(0x000070000598f000,0x0000700005a8f000)]

Other Threads:
  0x00007fcbbb034800 VMThread [stack: 0x000070000588c000,0x000070000598c000] [id=13571]
  0x00007fcbbb011800 WatcherThread [stack: 0x00007000061a7000,0x00007000062a7000] [id=21763]

VM state:not at safepoint (normal execution)

VM Mutex/Monitor currently owned by a thread: None

Heap:
 PSYoungGen      total 34304K, used 769K [0x000000076ab00000, 0x000000076d100000, 0x00000007c0000000)
  eden space 31232K, 2% used [0x000000076ab00000,0x000000076abc0468,0x000000076c980000)
  from space 3072K, 0% used [0x000000076cd00000,0x000000076cd00000,0x000000076d000000)
  to   space 3584K, 0% used [0x000000076c980000,0x000000076c980000,0x000000076cd00000)
 ParOldGen       total 260096K, used 190727K [0x00000006c0000000, 0x00000006cfe00000, 0x000000076ab00000)
  object space 260096K, 73% used [0x00000006c0000000,0x00000006cba41f88,0x00000006cfe00000)
 Metaspace       used 19807K, capacity 20110K, committed 20480K, reserved 1067008K
  class space    used 2131K, capacity 2231K, committed 2304K, reserved 1048576K

Card table byte_map: [0x000000010a561000,0x000000010ad62000] byte_map_base: 0x0000000106f61000

Marking Bits: (ParMarkBitMap*) 0x0000000109aefd20
 Begin Bits: [0x0000000121afa000, 0x0000000125afa000)
 End Bits:   [0x0000000125afa000, 0x0000000129afa000)

Polling page: 0x00000001080db000

CodeCache: size=245760Kb used=16142Kb max_used=16390Kb free=229617Kb
 bounds [0x0000000112afa000, 0x0000000113b2a000, 0x0000000121afa000]
 total_blobs=5011 nmethods=4437 adapters=485
 compilation: enabled

Compilation events (10 events):
Event: 2656.805 Thread 0x00007fcbbc804000 6058       3       java.net.InetSocketAddress$InetSocketAddressHolder::getHostString (53 bytes)
Event: 2656.805 Thread 0x00007fcbbc804000 nmethod 6058 0x000000011394d6d0 code [0x000000011394d860, 0x000000011394dce8]
Event: 2656.806 Thread 0x00007fcbbc804000 6059   !   3       java.net.AbstractPlainSocketImpl::connect (118 bytes)
Event: 2656.806 Thread 0x00007fcbbc804000 nmethod 6059 0x0000000112e3e850 code [0x0000000112e3eac0, 0x0000000112e3fad8]
Event: 2662.353 Thread 0x00007fcbbd806800 6060       4       sun.security.jca.ProviderList$ServiceList::iterator (9 bytes)
Event: 2662.354 Thread 0x00007fcbbd806800 nmethod 6060 0x0000000113724710 code [0x0000000113724860, 0x0000000113724938]
Event: 2663.497 Thread 0x00007fcbbd807800 6061       4       sun.security.jca.ProviderList$ServiceList$1::hasNext (20 bytes)
Event: 2663.503 Thread 0x00007fcbbd807800 nmethod 6061 0x0000000112e3d590 code [0x0000000112e3d740, 0x0000000112e3de58]
Event: 2665.856 Thread 0x00007fcbbc804000 6062       3       java.net.InetSocketAddress$InetSocketAddressHolder::getHostName (29 bytes)
Event: 2665.857 Thread 0x00007fcbbc804000 nmethod 6062 0x000000011330de50 code [0x000000011330dfe0, 0x000000011330e668]

GC Heap History (10 events):
Event: 2669.214 GC heap before
{Heap before GC invocations=5649 (full 14):
 PSYoungGen      total 34816K, used 34240K [0x000000076ab00000, 0x000000076d000000, 0x00000007c0000000)
  eden space 31744K, 100% used [0x000000076ab00000,0x000000076ca00000,0x000000076ca00000)
  from space 3072K, 81% used [0x000000076cd00000,0x000000076cf70070,0x000000076d000000)
  to   space 3072K, 0% used [0x000000076ca00000,0x000000076ca00000,0x000000076cd00000)
 ParOldGen       total 252928K, used 252296K [0x00000006c0000000, 0x00000006cf700000, 0x000000076ab00000)
  object space 252928K, 99% used [0x00000006c0000000,0x00000006cf662138,0x00000006cf700000)
 Metaspace       used 19807K, capacity 20110K, committed 20480K, reserved 1067008K
  class space    used 2131K, capacity 2231K, committed 2304K, reserved 1048576K
Event: 2669.216 GC heap after
Heap after GC invocations=5649 (full 14):
 PSYoungGen      total 34816K, used 2464K [0x000000076ab00000, 0x000000076d000000, 0x00000007c0000000)
  eden space 31744K, 0% used [0x000000076ab00000,0x000000076ab00000,0x000000076ca00000)
  from space 3072K, 80% used [0x000000076ca00000,0x000000076cc683b0,0x000000076cd00000)
  to   space 3072K, 0% used [0x000000076cd00000,0x000000076cd00000,0x000000076d000000)
 ParOldGen       total 252928K, used 252400K [0x00000006c0000000, 0x00000006cf700000, 0x000000076ab00000)
  object space 252928K, 99% used [0x00000006c0000000,0x00000006cf67c138,0x00000006cf700000)
 Metaspace       used 19807K, capacity 20110K, committed 20480K, reserved 1067008K
  class space    used 2131K, capacity 2231K, committed 2304K, reserved 1048576K
}
Event: 2669.636 GC heap before
{Heap before GC invocations=5650 (full 14):
 PSYoungGen      total 34816K, used 34208K [0x000000076ab00000, 0x000000076d000000, 0x00000007c0000000)
  eden space 31744K, 99% used [0x000000076ab00000,0x000000076c9fff70,0x000000076ca00000)
  from space 3072K, 80% used [0x000000076ca00000,0x000000076cc683b0,0x000000076cd00000)
  to   space 3072K, 0% used [0x000000076cd00000,0x000000076cd00000,0x000000076d000000)
 ParOldGen       total 252928K, used 252400K [0x00000006c0000000, 0x00000006cf700000, 0x000000076ab00000)
  object space 252928K, 99% used [0x00000006c0000000,0x00000006cf67c138,0x00000006cf700000)
 Metaspace       used 19807K, capacity 20110K, committed 20480K, reserved 1067008K
  class space    used 2131K, capacity 2231K, committed 2304K, reserved 1048576K
Event: 2669.637 GC heap after
Heap after GC invocations=5650 (full 14):
 PSYoungGen      total 34816K, used 2677K [0x000000076ab00000, 0x000000076d000000, 0x00000007c0000000)
  eden space 31744K, 0% used [0x000000076ab00000,0x000000076ab00000,0x000000076ca00000)
  from space 3072K, 87% used [0x000000076cd00000,0x000000076cf9d6d0,0x000000076d000000)
  to   space 3072K, 0% used [0x000000076ca00000,0x000000076ca00000,0x000000076cd00000)
 ParOldGen       total 252928K, used 252488K [0x00000006c0000000, 0x00000006cf700000, 0x000000076ab00000)
  object space 252928K, 99% used [0x00000006c0000000,0x00000006cf692138,0x00000006cf700000)
 Metaspace       used 19807K, capacity 20110K, committed 20480K, reserved 1067008K
  class space    used 2131K, capacity 2231K, committed 2304K, reserved 1048576K
}
Event: 2670.036 GC heap before
{Heap before GC invocations=5651 (full 14):
 PSYoungGen      total 34816K, used 34421K [0x000000076ab00000, 0x000000076d000000, 0x00000007c0000000)
  eden space 31744K, 100% used [0x000000076ab00000,0x000000076ca00000,0x000000076ca00000)
  from space 3072K, 87% used [0x000000076cd00000,0x000000076cf9d6d0,0x000000076d000000)
  to   space 3072K, 0% used [0x000000076ca00000,0x000000076ca00000,0x000000076cd00000)
 ParOldGen       total 252928K, used 252488K [0x00000006c0000000, 0x00000006cf700000, 0x000000076ab00000)
  object space 252928K, 99% used [0x00000006c0000000,0x00000006cf692138,0x00000006cf700000)
 Metaspace       used 19807K, capacity 20110K, committed 20480K, reserved 1067008K
  class space    used 2131K, capacity 2231K, committed 2304K, reserved 1048576K
Event: 2670.038 GC heap after
Heap after GC invocations=5651 (full 14):
 PSYoungGen      total 34816K, used 2678K [0x000000076ab00000, 0x000000076d000000, 0x00000007c0000000)
  eden space 31744K, 0% used [0x000000076ab00000,0x000000076ab00000,0x000000076ca00000)
  from space 3072K, 87% used [0x000000076ca00000,0x000000076cc9dac0,0x000000076cd00000)
  to   space 3072K, 0% used [0x000000076cd00000,0x000000076cd00000,0x000000076d000000)
 ParOldGen       total 252928K, used 252576K [0x00000006c0000000, 0x00000006cf700000, 0x000000076ab00000)
  object space 252928K, 99% used [0x00000006c0000000,0x00000006cf6a8138,0x00000006cf700000)
 Metaspace       used 19807K, capacity 20110K, committed 20480K, reserved 1067008K
  class space    used 2131K, capacity 2231K, committed 2304K, reserved 1048576K
}
Event: 2670.440 GC heap before
{Heap before GC invocations=5652 (full 14):
 PSYoungGen      total 34816K, used 34315K [0x000000076ab00000, 0x000000076d000000, 0x00000007c0000000)
  eden space 31744K, 99% used [0x000000076ab00000,0x000000076c9e5420,0x000000076ca00000)
  from space 3072K, 87% used [0x000000076ca00000,0x000000076cc9dac0,0x000000076cd00000)
  to   space 3072K, 0% used [0x000000076cd00000,0x000000076cd00000,0x000000076d000000)
 ParOldGen       total 252928K, used 252576K [0x00000006c0000000, 0x00000006cf700000, 0x000000076ab00000)
  object space 252928K, 99% used [0x00000006c0000000,0x00000006cf6a8138,0x00000006cf700000)
 Metaspace       used 19807K, capacity 20110K, committed 20480K, reserved 1067008K
  class space    used 2131K, capacity 2231K, committed 2304K, reserved 1048576K
Event: 2670.441 GC heap after
Heap after GC invocations=5652 (full 14):
 PSYoungGen      total 34304K, used 3060K [0x000000076ab00000, 0x000000076d100000, 0x00000007c0000000)
  eden space 31232K, 0% used [0x000000076ab00000,0x000000076ab00000,0x000000076c980000)
  from space 3072K, 99% used [0x000000076cd00000,0x000000076cffd0a0,0x000000076d000000)
  to   space 3584K, 0% used [0x000000076c980000,0x000000076c980000,0x000000076cd00000)
 ParOldGen       total 252928K, used 252738K [0x00000006c0000000, 0x00000006cf700000, 0x000000076ab00000)
  object space 252928K, 99% used [0x00000006c0000000,0x00000006cf6d09f8,0x00000006cf700000)
 Metaspace       used 19807K, capacity 20110K, committed 20480K, reserved 1067008K
  class space    used 2131K, capacity 2231K, committed 2304K, reserved 1048576K
}
Event: 2670.442 GC heap before
{Heap before GC invocations=5653 (full 15):
 PSYoungGen      total 34304K, used 3060K [0x000000076ab00000, 0x000000076d100000, 0x00000007c0000000)
  eden space 31232K, 0% used [0x000000076ab00000,0x000000076ab00000,0x000000076c980000)
  from space 3072K, 99% used [0x000000076cd00000,0x000000076cffd0a0,0x000000076d000000)
  to   space 3584K, 0% used [0x000000076c980000,0x000000076c980000,0x000000076cd00000)
 ParOldGen       total 252928K, used 252738K [0x00000006c0000000, 0x00000006cf700000, 0x000000076ab00000)
  object space 252928K, 99% used [0x00000006c0000000,0x00000006cf6d09f8,0x00000006cf700000)
 Metaspace       used 19807K, capacity 20110K, committed 20480K, reserved 1067008K
  class space    used 2131K, capacity 2231K, committed 2304K, reserved 1048576K
Event: 2670.604 GC heap after
Heap after GC invocations=5653 (full 15):
 PSYoungGen      total 34304K, used 0K [0x000000076ab00000, 0x000000076d100000, 0x00000007c0000000)
  eden space 31232K, 0% used [0x000000076ab00000,0x000000076ab00000,0x000000076c980000)
  from space 3072K, 0% used [0x000000076cd00000,0x000000076cd00000,0x000000076d000000)
  to   space 3584K, 0% used [0x000000076c980000,0x000000076c980000,0x000000076cd00000)
 ParOldGen       total 260096K, used 190727K [0x00000006c0000000, 0x00000006cfe00000, 0x000000076ab00000)
  object space 260096K, 73% used [0x00000006c0000000,0x00000006cba41f88,0x00000006cfe00000)
 Metaspace       used 19807K, capacity 20110K, committed 20480K, reserved 1067008K
  class space    used 2131K, capacity 2231K, committed 2304K, reserved 1048576K
}

Deoptimization events (10 events):
Event: 2604.536 Thread 0x00007fcbbd970000 Uncommon trap: reason=class_check action=maybe_recompile pc=0x0000000113682464 method=sun.java2d.opengl.OGLBlitLoops.IsoBlit(Lsun/java2d/SurfaceData;Lsun/java2d/SurfaceData;Ljava/awt/image/BufferedImage;Ljava/awt/image/BufferedImageOp;Ljava/awt/Composite;
Event: 2604.543 Thread 0x00007fcbbaace000 Uncommon trap: reason=unstable_if action=reinterpret pc=0x0000000112fa60e8 method=sun.java2d.pipe.Region.getIntersectionXYXY(IIII)Lsun/java2d/pipe/Region; @ 72
Event: 2604.544 Thread 0x00007fcbbaace000 Uncommon trap: reason=unstable_if action=reinterpret pc=0x0000000113a32460 method=sun.awt.image.VolatileSurfaceManager.validate(Ljava/awt/GraphicsConfiguration;)I @ 36
Event: 2604.556 Thread 0x00007fcbbaace000 Uncommon trap: reason=class_check action=maybe_recompile pc=0x00000001134089d8 method=sun.java2d.pipe.ValidatePipe.fillRect(Lsun/java2d/SunGraphics2D;IIII)V @ 19
Event: 2604.567 Thread 0x00007fcbbaace000 Uncommon trap: reason=unstable_if action=reinterpret pc=0x00000001136b27c0 method=sun.java2d.SunGraphics2D.hitClip(IIII)Z @ 16
Event: 2604.663 Thread 0x00007fcbbaace000 Uncommon trap: reason=unstable_if action=reinterpret pc=0x0000000113656580 method=sun.java2d.pipe.BufferedContext.validate(Lsun/java2d/pipe/hw/AccelSurface;Lsun/java2d/pipe/hw/AccelSurface;Lsun/java2d/pipe/Region;Ljava/awt/Composite;Ljava/awt/geom/AffineT
Event: 2604.746 Thread 0x00007fcbbaace000 Uncommon trap: reason=unstable_if action=reinterpret pc=0x0000000112e3ef38 method=javax.swing.RepaintManager.scheduleHeavyWeightPaints()V @ 13
Event: 2604.747 Thread 0x00007fcbbaace000 Uncommon trap: reason=class_check action=maybe_recompile pc=0x0000000113760754 method=javax.swing.RepaintManager$4.run()Ljava/lang/Void; @ 27
Event: 2604.748 Thread 0x00007fcbbaace000 Uncommon trap: reason=bimorphic action=maybe_recompile pc=0x0000000112cc3e70 method=sun.java2d.opengl.OGLRenderer.validateContext(Lsun/java2d/SunGraphics2D;)V @ 4
Event: 2604.812 Thread 0x00007fcbbaace000 Uncommon trap: reason=unstable_if action=reinterpret pc=0x00000001136f36c0 method=java.util.HashMap$HashIterator.<init>(Ljava/util/HashMap;)V @ 45

Internal exceptions (10 events):
Event: 56.449 Thread 0x00007fcbbaace000 Implicit null exception at 0x000000011374dccd to 0x000000011374fea1
Event: 2601.589 Thread 0x00007fcbbaace000 Exception <a 'java/net/UnknownHostException'> (0x000000076b343520) thrown at [/Users/java_re/workspace/8-2-build-macosx-x86_64/jdk8u102/7268/hotspot/src/share/vm/prims/jni.cpp, line 709]
Event: 2604.544 Thread 0x00007fcbbaace000 Implicit null exception at 0x0000000113a2bba4 to 0x0000000113a323dd
Event: 2604.663 Thread 0x00007fcbbaace000 Implicit null exception at 0x000000011365568f to 0x0000000113656559
Event: 2611.597 Thread 0x00007fcbbaace000 Exception <a 'java/net/UnknownHostException'> (0x000000076da01e48) thrown at [/Users/java_re/workspace/8-2-build-macosx-x86_64/jdk8u102/7268/hotspot/src/share/vm/prims/jni.cpp, line 709]
Event: 2621.606 Thread 0x00007fcbbaace000 Exception <a 'java/net/UnknownHostException'> (0x000000076cfbf820) thrown at [/Users/java_re/workspace/8-2-build-macosx-x86_64/jdk8u102/7268/hotspot/src/share/vm/prims/jni.cpp, line 709]
Event: 2631.658 Thread 0x00007fcbbaace000 Exception <a 'java/net/UnknownHostException'> (0x000000076c0b4048) thrown at [/Users/java_re/workspace/8-2-build-macosx-x86_64/jdk8u102/7268/hotspot/src/share/vm/prims/jni.cpp, line 709]
Event: 2641.747 Thread 0x00007fcbbaace000 Exception <a 'java/net/UnknownHostException'> (0x000000076c713738) thrown at [/Users/java_re/workspace/8-2-build-macosx-x86_64/jdk8u102/7268/hotspot/src/share/vm/prims/jni.cpp, line 709]
Event: 2651.815 Thread 0x00007fcbbaace000 Exception <a 'java/net/UnknownHostException'> (0x000000076b212f98) thrown at [/Users/java_re/workspace/8-2-build-macosx-x86_64/jdk8u102/7268/hotspot/src/share/vm/prims/jni.cpp, line 709]
Event: 2661.856 Thread 0x00007fcbbaace000 Exception <a 'java/net/UnknownHostException'> (0x000000076b5f9930) thrown at [/Users/java_re/workspace/8-2-build-macosx-x86_64/jdk8u102/7268/hotspot/src/share/vm/prims/jni.cpp, line 709]

Events (10 events):
Event: 2668.823 Executing VM operation: ParallelGCFailedAllocation
Event: 2668.825 Executing VM operation: ParallelGCFailedAllocation done
Event: 2669.214 Executing VM operation: ParallelGCFailedAllocation
Event: 2669.216 Executing VM operation: ParallelGCFailedAllocation done
Event: 2669.636 Executing VM operation: ParallelGCFailedAllocation
Event: 2669.638 Executing VM operation: ParallelGCFailedAllocation done
Event: 2670.036 Executing VM operation: ParallelGCFailedAllocation
Event: 2670.038 Executing VM operation: ParallelGCFailedAllocation done
Event: 2670.440 Executing VM operation: ParallelGCFailedAllocation
Event: 2670.604 Executing VM operation: ParallelGCFailedAllocation done


Dynamic libraries:
0x0000000049006000 	/System/Library/Frameworks/Cocoa.framework/Versions/A/Cocoa
0x0000000049006000 	/System/Library/Frameworks/Security.framework/Versions/A/Security
0x0000000049006000 	/System/Library/Frameworks/ApplicationServices.framework/Versions/A/ApplicationServices
0x0000000049006000 	/usr/lib/libz.1.dylib
0x0000000049006000 	/usr/lib/libSystem.B.dylib
0x0000000049006000 	/usr/lib/libobjc.A.dylib
0x0000000049006000 	/System/Library/Frameworks/CoreFoundation.framework/Versions/A/CoreFoundation
0x0000000049006000 	/System/Library/Frameworks/Foundation.framework/Versions/C/Foundation
0x0000000049006000 	/System/Library/Frameworks/AppKit.framework/Versions/C/AppKit
0x0000000049006000 	/System/Library/Frameworks/CoreData.framework/Versions/A/CoreData
0x0000000049006000 	/System/Library/PrivateFrameworks/RemoteViewServices.framework/Versions/A/RemoteViewServices
0x0000000049006000 	/System/Library/PrivateFrameworks/UIFoundation.framework/Versions/A/UIFoundation
0x0000000049006000 	/System/Library/PrivateFrameworks/DFRFoundation.framework/Versions/A/DFRFoundation
0x0000000049006000 	/usr/lib/libenergytrace.dylib
0x0000000049006000 	/System/Library/PrivateFrameworks/SkyLight.framework/Versions/A/SkyLight
0x0000000049006000 	/System/Library/Frameworks/CoreGraphics.framework/Versions/A/CoreGraphics
0x0000000049006000 	/usr/lib/libScreenReader.dylib
0x0000000049006000 	/System/Library/Frameworks/Accelerate.framework/Versions/A/Accelerate
0x0000000049006000 	/System/Library/Frameworks/IOSurface.framework/Versions/A/IOSurface
0x0000000049006000 	/System/Library/Frameworks/AudioToolbox.framework/Versions/A/AudioToolbox
0x0000000049006000 	/System/Library/Frameworks/AudioUnit.framework/Versions/A/AudioUnit
0x0000000049006000 	/System/Library/PrivateFrameworks/DataDetectorsCore.framework/Versions/A/DataDetectorsCore
0x0000000049006000 	/System/Library/PrivateFrameworks/DesktopServicesPriv.framework/Versions/A/DesktopServicesPriv
0x0000000049006000 	/System/Library/Frameworks/Carbon.framework/Versions/A/Frameworks/HIToolbox.framework/Versions/A/HIToolbox
0x0000000049006000 	/usr/lib/libicucore.A.dylib
0x0000000049006000 	/System/Library/Frameworks/QuartzCore.framework/Versions/A/QuartzCore
0x0000000049006000 	/System/Library/Frameworks/Carbon.framework/Versions/A/Frameworks/SpeechRecognition.framework/Versions/A/SpeechRecognition
0x0000000049006000 	/usr/lib/libauto.dylib
0x0000000049006000 	/usr/lib/libxml2.2.dylib
0x0000000049006000 	/System/Library/PrivateFrameworks/CoreUI.framework/Versions/A/CoreUI
0x0000000049006000 	/System/Library/Frameworks/CoreAudio.framework/Versions/A/CoreAudio
0x0000000049006000 	/System/Library/Frameworks/DiskArbitration.framework/Versions/A/DiskArbitration
0x0000000049006000 	/usr/lib/liblangid.dylib
0x0000000049006000 	/System/Library/PrivateFrameworks/MultitouchSupport.framework/Versions/A/MultitouchSupport
0x0000000049006000 	/System/Library/Frameworks/IOKit.framework/Versions/A/IOKit
0x0000000049006000 	/usr/lib/libDiagnosticMessagesClient.dylib
0x0000000049006000 	/System/Library/Frameworks/CoreServices.framework/Versions/A/CoreServices
0x0000000049006000 	/System/Library/PrivateFrameworks/PerformanceAnalysis.framework/Versions/A/PerformanceAnalysis
0x0000000049006000 	/System/Library/PrivateFrameworks/GenerationalStorage.framework/Versions/A/GenerationalStorage
0x0000000049006000 	/System/Library/Frameworks/OpenGL.framework/Versions/A/OpenGL
0x0000000049006000 	/System/Library/Frameworks/CoreImage.framework/Versions/A/CoreImage
0x0000000049006000 	/System/Library/Frameworks/CoreText.framework/Versions/A/CoreText
0x0000000049006000 	/System/Library/Frameworks/ImageIO.framework/Versions/A/ImageIO
0x0000000049006000 	/System/Library/PrivateFrameworks/Backup.framework/Versions/A/Backup
0x0000000049006000 	/usr/lib/libarchive.2.dylib
0x0000000049006000 	/System/Library/Frameworks/CFNetwork.framework/Versions/A/CFNetwork
0x0000000049006000 	/System/Library/Frameworks/SystemConfiguration.framework/Versions/A/SystemConfiguration
0x0000000049006000 	/usr/lib/libCRFSuite.dylib
0x0000000049006000 	/usr/lib/libc++.1.dylib
0x0000000049006000 	/usr/lib/libc++abi.dylib
0x0000000049006000 	/usr/lib/system/libcache.dylib
0x0000000049006000 	/usr/lib/system/libcommonCrypto.dylib
0x0000000049006000 	/usr/lib/system/libcompiler_rt.dylib
0x0000000049006000 	/usr/lib/system/libcopyfile.dylib
0x0000000049006000 	/usr/lib/system/libcorecrypto.dylib
0x0000000049006000 	/usr/lib/system/libdispatch.dylib
0x0000000049006000 	/usr/lib/system/libdyld.dylib
0x0000000049006000 	/usr/lib/system/libkeymgr.dylib
0x0000000049006000 	/usr/lib/system/liblaunch.dylib
0x0000000049006000 	/usr/lib/system/libmacho.dylib
0x0000000049006000 	/usr/lib/system/libquarantine.dylib
0x0000000049006000 	/usr/lib/system/libremovefile.dylib
0x0000000049006000 	/usr/lib/system/libsystem_asl.dylib
0x0000000049006000 	/usr/lib/system/libsystem_blocks.dylib
0x0000000049006000 	/usr/lib/system/libsystem_c.dylib
0x0000000049006000 	/usr/lib/system/libsystem_configuration.dylib
0x0000000049006000 	/usr/lib/system/libsystem_coreservices.dylib
0x0000000049006000 	/usr/lib/system/libsystem_coretls.dylib
0x0000000049006000 	/usr/lib/system/libsystem_dnssd.dylib
0x0000000049006000 	/usr/lib/system/libsystem_info.dylib
0x0000000049006000 	/usr/lib/system/libsystem_kernel.dylib
0x0000000049006000 	/usr/lib/system/libsystem_m.dylib
0x0000000049006000 	/usr/lib/system/libsystem_malloc.dylib
0x0000000049006000 	/usr/lib/system/libsystem_network.dylib
0x0000000049006000 	/usr/lib/system/libsystem_networkextension.dylib
0x0000000049006000 	/usr/lib/system/libsystem_notify.dylib
0x0000000049006000 	/usr/lib/system/libsystem_platform.dylib
0x0000000049006000 	/usr/lib/system/libsystem_pthread.dylib
0x0000000049006000 	/usr/lib/system/libsystem_sandbox.dylib
0x0000000049006000 	/usr/lib/system/libsystem_secinit.dylib
0x0000000049006000 	/usr/lib/system/libsystem_symptoms.dylib
0x0000000049006000 	/usr/lib/system/libsystem_trace.dylib
0x0000000049006000 	/usr/lib/system/libunwind.dylib
0x0000000049006000 	/usr/lib/system/libxpc.dylib
0x0000000049006000 	/usr/lib/libbsm.0.dylib
0x0000000049006000 	/usr/lib/system/libkxld.dylib
0x0000000049006000 	/usr/lib/libcoretls.dylib
0x0000000049006000 	/usr/lib/libcoretls_cfhelpers.dylib
0x0000000049006000 	/usr/lib/libxar.1.dylib
0x0000000049006000 	/usr/lib/libsqlite3.dylib
0x0000000049006000 	/usr/lib/libpam.2.dylib
0x0000000049006000 	/usr/lib/libOpenScriptingUtil.dylib
0x0000000049006000 	/usr/lib/libbz2.1.0.dylib
0x0000000049006000 	/usr/lib/liblzma.5.dylib
0x0000000049006000 	/usr/lib/libnetwork.dylib
0x0000000049006000 	/usr/lib/libpcap.A.dylib
0x0000000049006000 	/System/Library/Frameworks/CoreServices.framework/Versions/A/Frameworks/FSEvents.framework/Versions/A/FSEvents
0x0000000049006000 	/System/Library/Frameworks/CoreServices.framework/Versions/A/Frameworks/CarbonCore.framework/Versions/A/CarbonCore
0x0000000049006000 	/System/Library/Frameworks/CoreServices.framework/Versions/A/Frameworks/Metadata.framework/Versions/A/Metadata
0x0000000049006000 	/System/Library/Frameworks/CoreServices.framework/Versions/A/Frameworks/OSServices.framework/Versions/A/OSServices
0x0000000049006000 	/System/Library/Frameworks/CoreServices.framework/Versions/A/Frameworks/SearchKit.framework/Versions/A/SearchKit
0x0000000049006000 	/System/Library/Frameworks/CoreServices.framework/Versions/A/Frameworks/AE.framework/Versions/A/AE
0x0000000049006000 	/System/Library/Frameworks/CoreServices.framework/Versions/A/Frameworks/LaunchServices.framework/Versions/A/LaunchServices
0x0000000049006000 	/System/Library/Frameworks/CoreServices.framework/Versions/A/Frameworks/DictionaryServices.framework/Versions/A/DictionaryServices
0x0000000049006000 	/System/Library/Frameworks/CoreServices.framework/Versions/A/Frameworks/SharedFileList.framework/Versions/A/SharedFileList
0x0000000049006000 	/System/Library/Frameworks/NetFS.framework/Versions/A/NetFS
0x0000000049006000 	/System/Library/PrivateFrameworks/NetAuth.framework/Versions/A/NetAuth
0x0000000049006000 	/System/Library/PrivateFrameworks/login.framework/Versions/A/Frameworks/loginsupport.framework/Versions/A/loginsupport
0x0000000049006000 	/System/Library/PrivateFrameworks/TCC.framework/Versions/A/TCC
0x0000000049006000 	/usr/lib/libmecabra.dylib
0x0000000049006000 	/System/Library/Frameworks/ApplicationServices.framework/Versions/A/Frameworks/ATS.framework/Versions/A/ATS
0x0000000049006000 	/System/Library/Frameworks/ApplicationServices.framework/Versions/A/Frameworks/ColorSync.framework/Versions/A/ColorSync
0x0000000049006000 	/System/Library/Frameworks/ApplicationServices.framework/Versions/A/Frameworks/HIServices.framework/Versions/A/HIServices
0x0000000049006000 	/System/Library/Frameworks/ApplicationServices.framework/Versions/A/Frameworks/LangAnalysis.framework/Versions/A/LangAnalysis
0x0000000049006000 	/System/Library/Frameworks/ApplicationServices.framework/Versions/A/Frameworks/PrintCore.framework/Versions/A/PrintCore
0x0000000049006000 	/System/Library/Frameworks/ApplicationServices.framework/Versions/A/Frameworks/QD.framework/Versions/A/QD
0x0000000049006000 	/System/Library/Frameworks/ApplicationServices.framework/Versions/A/Frameworks/SpeechSynthesis.framework/Versions/A/SpeechSynthesis
0x0000000049006000 	/System/Library/Frameworks/Accelerate.framework/Versions/A/Frameworks/vImage.framework/Versions/A/vImage
0x0000000049006000 	/System/Library/Frameworks/Accelerate.framework/Versions/A/Frameworks/vecLib.framework/Versions/A/vecLib
0x0000000049006000 	/System/Library/Frameworks/Accelerate.framework/Versions/A/Frameworks/vecLib.framework/Versions/A/libvDSP.dylib
0x0000000049006000 	/System/Library/Frameworks/Accelerate.framework/Versions/A/Frameworks/vecLib.framework/Versions/A/libBNNS.dylib
0x0000000049006000 	/System/Library/Frameworks/Accelerate.framework/Versions/A/Frameworks/vecLib.framework/Versions/A/libQuadrature.dylib
0x0000000049006000 	/System/Library/Frameworks/Accelerate.framework/Versions/A/Frameworks/vecLib.framework/Versions/A/libvMisc.dylib
0x0000000049006000 	/System/Library/Frameworks/Accelerate.framework/Versions/A/Frameworks/vecLib.framework/Versions/A/libLAPACK.dylib
0x0000000049006000 	/System/Library/Frameworks/Accelerate.framework/Versions/A/Frameworks/vecLib.framework/Versions/A/libBLAS.dylib
0x0000000049006000 	/System/Library/Frameworks/Accelerate.framework/Versions/A/Frameworks/vecLib.framework/Versions/A/libLinearAlgebra.dylib
0x0000000049006000 	/System/Library/Frameworks/Accelerate.framework/Versions/A/Frameworks/vecLib.framework/Versions/A/libSparseBLAS.dylib
0x0000000049006000 	/System/Library/Frameworks/ApplicationServices.framework/Versions/A/Frameworks/ATS.framework/Versions/A/Resources/libFontParser.dylib
0x0000000049006000 	/System/Library/Frameworks/ApplicationServices.framework/Versions/A/Frameworks/ATS.framework/Versions/A/Resources/libFontRegistry.dylib
0x0000000049006000 	/System/Library/Frameworks/ImageIO.framework/Versions/A/Resources/libJPEG.dylib
0x0000000049006000 	/System/Library/Frameworks/ImageIO.framework/Versions/A/Resources/libTIFF.dylib
0x0000000049006000 	/System/Library/Frameworks/ImageIO.framework/Versions/A/Resources/libPng.dylib
0x0000000049006000 	/System/Library/Frameworks/ImageIO.framework/Versions/A/Resources/libGIF.dylib
0x0000000049006000 	/System/Library/Frameworks/ImageIO.framework/Versions/A/Resources/libJP2.dylib
0x0000000049006000 	/System/Library/Frameworks/ImageIO.framework/Versions/A/Resources/libRadiance.dylib
0x0000000049006000 	/usr/lib/libcompression.dylib
0x0000000049006000 	/System/Library/PrivateFrameworks/AppleJPEG.framework/Versions/A/AppleJPEG
0x0000000049006000 	/usr/lib/libcups.2.dylib
0x0000000049006000 	/System/Library/Frameworks/Kerberos.framework/Versions/A/Kerberos
0x0000000049006000 	/System/Library/Frameworks/GSS.framework/Versions/A/GSS
0x0000000049006000 	/usr/lib/libresolv.9.dylib
0x0000000049006000 	/usr/lib/libiconv.2.dylib
0x0000000049006000 	/System/Library/PrivateFrameworks/Heimdal.framework/Versions/A/Heimdal
0x0000000049006000 	/usr/lib/libheimdal-asn1.dylib
0x0000000049006000 	/System/Library/Frameworks/OpenDirectory.framework/Versions/A/OpenDirectory
0x0000000049006000 	/System/Library/PrivateFrameworks/CommonAuth.framework/Versions/A/CommonAuth
0x0000000049006000 	/System/Library/Frameworks/OpenDirectory.framework/Versions/A/Frameworks/CFOpenDirectory.framework/Versions/A/CFOpenDirectory
0x0000000049006000 	/System/Library/Frameworks/SecurityFoundation.framework/Versions/A/SecurityFoundation
0x0000000049006000 	/System/Library/PrivateFrameworks/LanguageModeling.framework/Versions/A/LanguageModeling
0x0000000049006000 	/usr/lib/libmarisa.dylib
0x0000000049006000 	/usr/lib/libChineseTokenizer.dylib
0x0000000049006000 	/usr/lib/libcmph.dylib
0x0000000049006000 	/System/Library/PrivateFrameworks/CoreEmoji.framework/Versions/A/CoreEmoji
0x0000000049006000 	/System/Library/Frameworks/ServiceManagement.framework/Versions/A/ServiceManagement
0x0000000049006000 	/usr/lib/libxslt.1.dylib
0x0000000049006000 	/System/Library/Frameworks/Carbon.framework/Versions/A/Frameworks/Ink.framework/Versions/A/Ink
0x0000000049006000 	/System/Library/PrivateFrameworks/TextureIO.framework/Versions/A/TextureIO
0x0000000049006000 	/System/Library/Frameworks/Metal.framework/Versions/A/Metal
0x0000000049006000 	/usr/lib/libate.dylib
0x0000000049006000 	/System/Library/PrivateFrameworks/GPUCompiler.framework/libmetal_timestamp.dylib
0x0000000049006000 	/System/Library/Frameworks/OpenGL.framework/Versions/A/Libraries/libCoreFSCache.dylib
0x0000000049006000 	/System/Library/PrivateFrameworks/IOAccelerator.framework/Versions/A/IOAccelerator
0x0000000049006000 	/System/Library/Frameworks/CoreVideo.framework/Versions/A/CoreVideo
0x0000000049006000 	/usr/lib/libFosl_dynamic.dylib
0x0000000049006000 	/System/Library/PrivateFrameworks/MetalPerformanceShaders.framework/Versions/A/MetalPerformanceShaders
0x0000000049006000 	/System/Library/PrivateFrameworks/FaceCore.framework/Versions/A/FaceCore
0x0000000049006000 	/System/Library/Frameworks/OpenCL.framework/Versions/A/OpenCL
0x0000000049006000 	/System/Library/Frameworks/OpenGL.framework/Versions/A/Libraries/libGLU.dylib
0x0000000049006000 	/System/Library/Frameworks/OpenGL.framework/Versions/A/Libraries/libGFXShared.dylib
0x0000000049006000 	/System/Library/Frameworks/OpenGL.framework/Versions/A/Libraries/libGL.dylib
0x0000000049006000 	/System/Library/Frameworks/OpenGL.framework/Versions/A/Libraries/libGLImage.dylib
0x0000000049006000 	/System/Library/Frameworks/OpenGL.framework/Versions/A/Libraries/libCVMSPluginSupport.dylib
0x0000000049006000 	/System/Library/Frameworks/OpenGL.framework/Versions/A/Libraries/libCoreVMClient.dylib
0x0000000049006000 	/System/Library/PrivateFrameworks/CrashReporterSupport.framework/Versions/A/CrashReporterSupport
0x0000000049006000 	/System/Library/PrivateFrameworks/Sharing.framework/Versions/A/Sharing
0x0000000049006000 	/System/Library/PrivateFrameworks/IconServices.framework/Versions/A/IconServices
0x0000000049006000 	/System/Library/PrivateFrameworks/ProtocolBuffer.framework/Versions/A/ProtocolBuffer
0x0000000049006000 	/System/Library/PrivateFrameworks/Apple80211.framework/Versions/A/Apple80211
0x0000000049006000 	/System/Library/Frameworks/CoreWLAN.framework/Versions/A/CoreWLAN
0x0000000049006000 	/System/Library/PrivateFrameworks/CoreUtils.framework/Versions/A/CoreUtils
0x0000000049006000 	/System/Library/Frameworks/IOBluetooth.framework/Versions/A/IOBluetooth
0x0000000049006000 	/System/Library/PrivateFrameworks/CoreWiFi.framework/Versions/A/CoreWiFi
0x0000000049006000 	/System/Library/Frameworks/CoreBluetooth.framework/Versions/A/CoreBluetooth
0x0000000049006000 	/System/Library/Frameworks/CoreDisplay.framework/Versions/A/CoreDisplay
0x0000000049006000 	/System/Library/PrivateFrameworks/IOPresentment.framework/Versions/A/IOPresentment
0x0000000049006000 	/System/Library/PrivateFrameworks/DebugSymbols.framework/Versions/A/DebugSymbols
0x0000000049006000 	/System/Library/PrivateFrameworks/CoreSymbolication.framework/Versions/A/CoreSymbolication
0x0000000049006000 	/System/Library/PrivateFrameworks/Symbolication.framework/Versions/A/Symbolication
0x0000000049006000 	/System/Library/PrivateFrameworks/AppleFSCompression.framework/Versions/A/AppleFSCompression
0x0000000049006000 	/System/Library/PrivateFrameworks/SpeechRecognitionCore.framework/Versions/A/SpeechRecognitionCore
0x0000000049006000 	/System/Library/PrivateFrameworks/ChunkingLibrary.framework/Versions/A/ChunkingLibrary
0x0000000109200000 	/Library/Java/JavaVirtualMachines/jdk1.8.0_102.jdk/Contents/Home/jre/lib/server/libjvm.dylib
0x0000000049006000 	/usr/lib/libstdc++.6.dylib
0x0000000108098000 	/Library/Java/JavaVirtualMachines/jdk1.8.0_102.jdk/Contents/Home/jre/lib/libverify.dylib
0x00000001080a6000 	/Library/Java/JavaVirtualMachines/jdk1.8.0_102.jdk/Contents/Home/jre/lib/libjava.dylib
0x00000001080e5000 	/Library/Java/JavaVirtualMachines/jdk1.8.0_102.jdk/Contents/Home/jre/lib/libzip.dylib
0x00000001081e2000 	/System/Library/Frameworks/JavaVM.framework/Frameworks/JavaRuntimeSupport.framework/JavaRuntimeSupport
0x000000010e164000 	/System/Library/Frameworks/JavaVM.framework/Versions/A/Frameworks/JavaNativeFoundation.framework/Versions/A/JavaNativeFoundation
0x000000010e179000 	/System/Library/Frameworks/JavaVM.framework/Versions/A/JavaVM
0x0000000049006000 	/System/Library/Frameworks/Carbon.framework/Versions/A/Carbon
0x000000010e186000 	/System/Library/PrivateFrameworks/JavaLaunching.framework/Versions/A/JavaLaunching
0x0000000049006000 	/System/Library/Frameworks/Carbon.framework/Versions/A/Frameworks/CommonPanels.framework/Versions/A/CommonPanels
0x0000000049006000 	/System/Library/Frameworks/Carbon.framework/Versions/A/Frameworks/Help.framework/Versions/A/Help
0x0000000049006000 	/System/Library/Frameworks/Carbon.framework/Versions/A/Frameworks/ImageCapture.framework/Versions/A/ImageCapture
0x0000000049006000 	/System/Library/Frameworks/Carbon.framework/Versions/A/Frameworks/OpenScripting.framework/Versions/A/OpenScripting
0x0000000049006000 	/System/Library/Frameworks/Carbon.framework/Versions/A/Frameworks/Print.framework/Versions/A/Print
0x0000000049006000 	/System/Library/Frameworks/Carbon.framework/Versions/A/Frameworks/SecurityHI.framework/Versions/A/SecurityHI
0x000000010fbf4000 	/Applications/IntelliJ IDEA CE.app/Contents/bin/libbreakgen64.jnilib
0x000000010fbf7000 	/Library/Java/JavaVirtualMachines/jdk1.8.0_102.jdk/Contents/Home/jre/lib/libnet.dylib
0x000000010fc5e000 	/Library/Java/JavaVirtualMachines/jdk1.8.0_102.jdk/Contents/Home/jre/lib/libsunec.dylib
0x000000010fd91000 	/Library/Java/JavaVirtualMachines/jdk1.8.0_102.jdk/Contents/Home/jre/lib/libnio.dylib
0x00000001101bd000 	/Library/Java/JavaVirtualMachines/jdk1.8.0_102.jdk/Contents/Home/jre/lib/libawt.dylib
0x0000000110265000 	/Library/Java/JavaVirtualMachines/jdk1.8.0_102.jdk/Contents/Home/jre/lib/./libmlib_image.dylib
0x0000000110331000 	/Library/Java/JavaVirtualMachines/jdk1.8.0_102.jdk/Contents/Home/jre/lib/libawt_lwawt.dylib
0x00000001103e6000 	/Library/Java/JavaVirtualMachines/jdk1.8.0_102.jdk/Contents/Home/jre/lib/./libosxapp.dylib
0x0000000049006000 	/System/Library/Frameworks/ExceptionHandling.framework/Versions/A/ExceptionHandling
0x0000000049006000 	/System/Library/PrivateFrameworks/CoreServicesInternal.framework/Versions/A/CoreServicesInternal
0x0000000049006000 	/System/Library/CoreServices/RawCamera.bundle/Contents/MacOS/RawCamera
0x0000000049006000 	/System/Library/Frameworks/Accelerate.framework/Versions/A/Frameworks/vImage.framework/Versions/A/Libraries/libCGInterfaces.dylib
0x0000000049006000 	/System/Library/Frameworks/ApplicationServices.framework/Versions/A/Frameworks/ATS.framework/Versions/A/Resources/libTrueTypeScaler.dylib
0x0000000049006000 	/System/Library/Frameworks/OpenGL.framework/Versions/A/Resources/GLEngine.bundle/GLEngine
0x0000000049006000 	/System/Library/Frameworks/OpenGL.framework/Versions/A/Libraries/libGLProgrammability.dylib
0x0000000129afa000 	/System/Library/Extensions/AppleIntelHD5000GraphicsGLDriver.bundle/Contents/MacOS/AppleIntelHD5000GraphicsGLDriver
0x0000000049006000 	/System/Library/PrivateFrameworks/GPUSupport.framework/Versions/A/Libraries/libGPUSupportMercury.dylib
0x0000000049006000 	/System/Library/Frameworks/OpenGL.framework/Versions/A/Resources/GLRendererFloat.bundle/GLRendererFloat
0x0000000049006000 	/System/Library/Frameworks/OpenCL.framework/Versions/A/Libraries/libcldcpuengine.dylib
0x0000000049006000 	/usr/lib/libcrypto.0.9.8.dylib
0x0000000049006000 	/System/Library/PrivateFrameworks/TrustEvaluationAgent.framework/Versions/A/TrustEvaluationAgent
0x00000001125aa000 	/System/Library/Extensions/AppleIntelHD5000GraphicsMTLDriver.bundle/Contents/MacOS/AppleIntelHD5000GraphicsMTLDriver
0x0000000049006000 	/System/Library/PrivateFrameworks/FamilyControls.framework/Versions/A/FamilyControls
0x0000000049006000 	/System/Library/PrivateFrameworks/CommerceKit.framework/Versions/A/Frameworks/CommerceCore.framework/Versions/A/CommerceCore
0x0000000049006000 	/System/Library/PrivateFrameworks/SystemAdministration.framework/Versions/A/SystemAdministration
0x0000000049006000 	/System/Library/PrivateFrameworks/AppContainer.framework/Versions/A/AppContainer
0x0000000049006000 	/System/Library/PrivateFrameworks/SecCodeWrapper.framework/Versions/A/SecCodeWrapper
0x0000000049006000 	/System/Library/Frameworks/DirectoryService.framework/Versions/A/DirectoryService
0x0000000049006000 	/System/Library/PrivateFrameworks/DiskImages.framework/Versions/A/DiskImages
0x0000000049006000 	/System/Library/PrivateFrameworks/LoginUIKit.framework/Versions/A/Frameworks/LoginUICore.framework/Versions/A/LoginUICore
0x0000000049006000 	/usr/lib/libCoreStorage.dylib
0x0000000049006000 	/usr/lib/libcsfde.dylib
0x0000000049006000 	/usr/lib/libodfde.dylib
0x0000000049006000 	/System/Library/Frameworks/DiscRecording.framework/Versions/A/DiscRecording
0x0000000049006000 	/usr/lib/libcurl.4.dylib
0x0000000049006000 	/System/Library/PrivateFrameworks/MediaKit.framework/Versions/A/MediaKit
0x0000000049006000 	/System/Library/PrivateFrameworks/ProtectedCloudStorage.framework/Versions/A/ProtectedCloudStorage
0x0000000049006000 	/System/Library/PrivateFrameworks/EFILogin.framework/Versions/A/EFILogin
0x0000000049006000 	/usr/lib/libutil.dylib
0x0000000049006000 	/System/Library/Frameworks/LDAP.framework/Versions/A/LDAP
0x0000000049006000 	/usr/lib/libsasl2.2.dylib
0x0000000049006000 	/System/Library/PrivateFrameworks/CoreDaemon.framework/Versions/B/CoreDaemon
0x0000000049006000 	/System/Library/PrivateFrameworks/AppleSRP.framework/Versions/A/AppleSRP
0x0000000049006000 	/System/Library/PrivateFrameworks/APFS.framework/Versions/A/APFS
0x000000012c0cf000 	/Library/Java/JavaVirtualMachines/jdk1.8.0_102.jdk/Contents/Home/jre/lib/libfontmanager.dylib
0x0000000112a62000 	/Library/Java/JavaVirtualMachines/jdk1.8.0_102.jdk/Contents/Home/jre/lib/libosxui.dylib
0x0000000049006000 	/System/Library/PrivateFrameworks/ViewBridge.framework/Versions/A/ViewBridge
0x0000000049006000 	/System/Library/PrivateFrameworks/XPCService.framework/Versions/A/XPCService
0x0000000049006000 	/System/Library/PrivateFrameworks/AppSandbox.framework/Versions/A/AppSandbox
0x0000000049006000 	/usr/lib/libsandbox.1.dylib
0x0000000049006000 	/usr/lib/libMatch.1.dylib

VM Arguments:
jvm_args: -Didea.launcher.port=7532 -Didea.launcher.bin.path=/Applications/IntelliJ IDEA CE.app/Contents/bin -Dfile.encoding=UTF-8 
java_command: com.intellij.rt.execution.application.AppMain com.company.Main
java_class_path (initial): /Library/Java/JavaVirtualMachines/jdk1.8.0_102.jdk/Contents/Home/jre/lib/charsets.jar:/Library/Java/JavaVirtualMachines/jdk1.8.0_102.jdk/Contents/Home/jre/lib/deploy.jar:/Library/Java/JavaVirtualMachines/jdk1.8.0_102.jdk/Contents/Home/jre/lib/ext/cldrdata.jar:/Library/Java/JavaVirtualMachines/jdk1.8.0_102.jdk/Contents/Home/jre/lib/ext/dnsns.jar:/Library/Java/JavaVirtualMachines/jdk1.8.0_102.jdk/Contents/Home/jre/lib/ext/jaccess.jar:/Library/Java/JavaVirtualMachines/jdk1.8.0_102.jdk/Contents/Home/jre/lib/ext/jfxrt.jar:/Library/Java/JavaVirtualMachines/jdk1.8.0_102.jdk/Contents/Home/jre/lib/ext/localedata.jar:/Library/Java/JavaVirtualMachines/jdk1.8.0_102.jdk/Contents/Home/jre/lib/ext/nashorn.jar:/Library/Java/JavaVirtualMachines/jdk1.8.0_102.jdk/Contents/Home/jre/lib/ext/sunec.jar:/Library/Java/JavaVirtualMachines/jdk1.8.0_102.jdk/Contents/Home/jre/lib/ext/sunjce_provider.jar:/Library/Java/JavaVirtualMachines/jdk1.8.0_102.jdk/Contents/Home/jre/lib/ext/sunpkcs11.jar:/Library/Java/JavaVirtualMachines/jdk1.8.0_102.jdk/Contents/Home/jre/lib/ext/zipfs.jar:/Library/Java/JavaVirtualMachines/jdk1.8.0_102.jdk/Contents/Home/jre/lib/javaws.jar:/Library/Java/JavaVirtualMachines/jdk1.8.0_102.jdk/Contents/Home/jre/lib/jce.jar:/Library/Java/JavaVirtualMachines/jdk1.8.0_102.jdk/Contents/Home/jre/lib/jfr.jar:/Library/Java/JavaVirtualMachines/jdk1.8.0_102.jdk/Contents/Home/jre/lib/jfxswt.jar:/Library/Java/JavaVirtualMachines/jdk1.8.0_102.jdk/Contents/Home/jre/lib/jsse.jar:/Library/Java/JavaVirtualMachines/jdk1.8.0_102.jdk/Contents/Home/jre/lib/management-agent.jar:/Library/Java/JavaVirtualMachines/jdk1.8.0_102.jdk/Contents/Home/jre/lib/plugin.jar:/Library/Java/JavaVirtualMachines/jdk1.8.0_102.jdk/Contents/Home/jre/lib/resources.jar:/Library/Java/JavaVirtualMachines/jdk1.8.0_102.jdk/Contents/Home/jre/lib/rt.jar:/Library/Java/JavaVirtualMachines/jdk1.8.0_102.jdk/Contents/Home/lib/ant-javafx.jar:/Library/Java/JavaVirtualMachines/jdk1.8.0_102.jdk/Contents/Home
Launcher Type: SUN_STANDARD

Environment Variables:
PATH=/usr/bin:/bin:/usr/sbin:/sbin:/usr/local/bin
SHELL=/bin/bash

Signal Handlers:
SIGSEGV: [libjvm.dylib+0x5b0579], sa_mask[0]=11111111011111110111111111111111, sa_flags=SA_ONSTACK|SA_RESTART|SA_SIGINFO
SIGBUS: [libjvm.dylib+0x5b0579], sa_mask[0]=11111111011111110111111111111111, sa_flags=SA_RESTART|SA_SIGINFO
SIGFPE: [libjvm.dylib+0x4874e4], sa_mask[0]=11111111011111110111111111111111, sa_flags=SA_RESTART|SA_SIGINFO
SIGPIPE: [libjvm.dylib+0x4874e4], sa_mask[0]=11111111011111110111111111111111, sa_flags=SA_RESTART|SA_SIGINFO
SIGXFSZ: [libjvm.dylib+0x4874e4], sa_mask[0]=11111111011111110111111111111111, sa_flags=SA_RESTART|SA_SIGINFO
SIGILL: [libjvm.dylib+0x4874e4], sa_mask[0]=11111111011111110111111111111111, sa_flags=SA_RESTART|SA_SIGINFO
SIGUSR1: SIG_DFL, sa_mask[0]=00000000000000000000000000000000, sa_flags=none
SIGUSR2: [libjvm.dylib+0x487002], sa_mask[0]=00100000000000000000000000000000, sa_flags=SA_RESTART|SA_SIGINFO
SIGHUP: [libjvm.dylib+0x4855d9], sa_mask[0]=11111111011111110111111111111111, sa_flags=SA_RESTART|SA_SIGINFO
SIGINT: [libjvm.dylib+0x4855d9], sa_mask[0]=11111111011111110111111111111111, sa_flags=SA_RESTART|SA_SIGINFO
SIGTERM: [libjvm.dylib+0x4855d9], sa_mask[0]=11111111011111110111111111111111, sa_flags=SA_RESTART|SA_SIGINFO
SIGQUIT: [libjvm.dylib+0x4855d9], sa_mask[0]=11111111011111110111111111111111, sa_flags=SA_RESTART|SA_SIGINFO


---------------  S Y S T E M  ---------------

OS:Bsduname:Darwin 16.4.0 Darwin Kernel Version 16.4.0: Thu Dec 22 22:53:21 PST 2016; root:xnu-3789.41.3~3/RELEASE_X86_64 x86_64
rlimit: STACK 8192k, CORE 0k, NPROC 709, NOFILE 10240, AS infinity
load average:2.33 2.14 2.26

CPU:total 8 (4 cores per cpu, 2 threads per core) family 6 model 70 stepping 1, cmov, cx8, fxsr, mmx, sse, sse2, sse3, ssse3, sse4.1, sse4.2, popcnt, avx, avx2, aes, clmul, erms, lzcnt, ht, tsc, tscinvbit, bmi1, bmi2

Memory: 4k page, physical 16777216k(177312k free)

/proc/meminfo:


vm_info: Java HotSpot(TM) 64-Bit Server VM (25.102-b14) for bsd-amd64 JRE (1.8.0_102-b14), built on Jun 22 2016 11:42:36 by "java_re" with gcc 4.2.1 (Based on Apple Inc. build 5658) (LLVM build 2336.11.00)

time: Tue Jan  2 18:54:23 2018
elapsed time: 2670 seconds (0d 0h 44m 30s)

