#
# A fatal error has been detected by the Java Runtime Environment:
#
#  SIGSEGV (0xb) at pc=0x0000000112e7fcdd, pid=1866, tid=0x000000000000d02f
#
# JRE version: Java(TM) SE Runtime Environment (8.0_102-b14) (build 1.8.0_102-b14)
# Java VM: Java HotSpot(TM) 64-Bit Server VM (25.102-b14 mixed mode bsd-amd64 compressed oops)
# Problematic frame:
# C  [libawt_lwawt.dylib+0x1acdd]  OGLSD_SetScratchSurface+0x49
#
# Failed to write core dump. Core dumps have been disabled. To enable core dumping, try "ulimit -c unlimited" before starting Java again
#
# If you would like to submit a bug report, please visit:
#   http://bugreport.java.com/bugreport/crash.jsp
# The crash happened outside the Java Virtual Machine in native code.
# See problematic frame for where to report the bug.
#

---------------  T H R E A D  ---------------

Current thread (0x00007ff3d0a5c800):  JavaThread "Java2D Queue Flusher" daemon [_thread_in_native, id=53295, stack(0x0000700011a77000,0x0000700011b77000)]

siginfo: si_signo: 11 (SIGSEGV), si_code: 1 (SEGV_MAPERR), si_addr: 0x0000000000000002

Registers:
RAX=0x0000000112ea02fa, RBX=0x0000000000000002, RCX=0x0000000000000047, RDX=0x0000000112ea0844
RSP=0x0000700011b767b0, RBP=0x0000700011b767d0, RSI=0x00007ff3d0330bf0, RDI=0x00007ff3d0a5c9f8
R8 =0x00007ff3d0072440, R9 =0x00000000000e44f1, R10=0x00000001133922b8, R11=0x0000000000000020
R12=0x0000000000000000, R13=0x0000700011b768e8, R14=0x00007ff3d0a5c9f8, R15=0x00007ff3d0a5c800
RIP=0x0000000112e7fcdd, EFLAGS=0x0000000000010202, ERR=0x0000000000000004
  TRAPNO=0x000000000000000e

Top of Stack: (sp=0x0000700011b767b0)
0x0000700011b767b0:   00007ff3d0330bf0 0000000000000000
0x0000700011b767c0:   00007ff3cf90d610 00007ff3d0a5c800
0x0000700011b767d0:   0000700011b76850 0000000112ea0322
0x0000700011b767e0:   0000700011b76810 000000010d936ed4
0x0000700011b767f0:   0000000000000064 0000000000000000
0x0000700011b76800:   0000000000000064 00007ff3d0072148
0x0000700011b76810:   0000700011b76870 00007ff3cf90d620
0x0000700011b76820:   00007ff300000005 00007ff3d0a5c9f8
0x0000700011b76830:   0000000112918e10 0000000000000000
0x0000700011b76840:   0000700011b76968 00007ff3d0a5c800
0x0000700011b76850:   0000700011b768a0 000000011339232a
0x0000700011b76860:   00000006c02ad038 00007ff3d0a5c800
0x0000700011b76870:   0000700011b768c0 00000001137cce28
0x0000700011b76880:   00000006c02ad120 0000000113858226
0x0000700011b76890:   00000006c02ad120 00000006c53d7328
0x0000700011b768a0:   00000006c02ad038 0000000113f676f0
0x0000700011b768b0:   000000012feb5700 0000000000000000
0x0000700011b768c0:   0000700011b76940 00000001131322bd
0x0000700011b768d0:   0000700011b76940 00000001131322bd
0x0000700011b768e0:   00000001131322bd 00000006c02ad038
0x0000700011b768f0:   0000000000000001 00000006c02ad120
0x0000700011b76900:   0000700011b768f0 000000011291c639
0x0000700011b76910:   0000700011b76968 000000011291c7d0
0x0000700011b76920:   0000000000000000 000000011291c740
0x0000700011b76930:   0000700011b768e8 0000700011b76968
0x0000700011b76940:   0000700011b769d0 000000011312a7a7
0x0000700011b76950:   0000000000000000 0000000000000000
0x0000700011b76960:   0000000000000000 00000006c02ad120
0x0000700011b76970:   0000700000001fa0 000000000000000a
0x0000700011b76980:   00007ff3d0a5c800 0000000000000001
0x0000700011b76990:   000000011312a71f 000000011291c740
0x0000700011b769a0:   0000700011b76a68 0000700011b76d00 

Instructions: (pc=0x0000000112e7fcdd)
0x0000000112e7fcbd:   c0 e9 82 00 00 00 48 8b 5e 10 48 85 db 75 0e bf
0x0000000112e7fccd:   01 00 00 00 48 8d 15 ef 76 03 00 eb d6 49 89 fe
0x0000000112e7fcdd:   4c 8b 3b 30 c0 e8 83 a3 02 00 49 8b 3f 49 89 c4
0x0000000112e7fced:   48 8b 35 34 f9 05 00 30 c0 e8 cb a4 02 00 48 85 

Register to memory mapping:

RAX=0x0000000112ea02fa: Java_sun_java2d_opengl_OGLRenderQueue_flushBuffer+0x612 in /Library/Java/JavaVirtualMachines/jdk1.8.0_102.jdk/Contents/Home/jre/lib/libawt_lwawt.dylib at 0x0000000112e65000
RBX=0x0000000000000002 is an unknown value
RCX=0x0000000000000047 is an unknown value
RDX=0x0000000112ea0844: Java_sun_java2d_opengl_OGLRenderQueue_flushBuffer+0xb5c in /Library/Java/JavaVirtualMachines/jdk1.8.0_102.jdk/Contents/Home/jre/lib/libawt_lwawt.dylib at 0x0000000112e65000
RSP=0x0000700011b767b0 is pointing into the stack for thread: 0x00007ff3d0a5c800
RBP=0x0000700011b767d0 is pointing into the stack for thread: 0x00007ff3d0a5c800
RSI=0x00007ff3d0330bf0 is an unknown value
RDI=0x00007ff3d0a5c9f8 is an unknown value
R8 =0x00007ff3d0072440 is an unknown value
R9 =0x00000000000e44f1 is an unknown value
R10=0x00000001133922b8 is at entry_point+56 in (nmethod*)0x0000000113392110
R11=0x0000000000000020 is an unknown value
R12=0x0000000000000000 is an unknown value
R13=0x0000700011b768e8 is pointing into the stack for thread: 0x00007ff3d0a5c800
R14=0x00007ff3d0a5c9f8 is an unknown value
R15=0x00007ff3d0a5c800 is a thread


Stack: [0x0000700011a77000,0x0000700011b77000],  sp=0x0000700011b767b0,  free space=1021k
Native frames: (J=compiled Java code, j=interpreted, Vv=VM code, C=native code)
C  [libawt_lwawt.dylib+0x1acdd]  OGLSD_SetScratchSurface+0x49
C  [libawt_lwawt.dylib+0x3b322]  Java_sun_java2d_opengl_OGLRenderQueue_flushBuffer+0x63a
J 2851  sun.java2d.opengl.OGLRenderQueue.flushBuffer(JI)V (0 bytes) @ 0x000000011339232a [0x0000000113392280+0xaa]
J 5095 C2 sun.java2d.opengl.OGLRenderQueue.access$100(Lsun/java2d/opengl/OGLRenderQueue;)V (5 bytes) @ 0x0000000113f676f0 [0x0000000113f676c0+0x30]
j  sun.java2d.opengl.OGLRenderQueue$QueueFlusher.run()V+81
v  ~StubRoutines::call_stub
V  [libjvm.dylib+0x2ed5e2]
V  [libjvm.dylib+0x2edd70]
V  [libjvm.dylib+0x2edf1c]
V  [libjvm.dylib+0x348691]
V  [libjvm.dylib+0x56a4db]
V  [libjvm.dylib+0x56bbc8]
V  [libjvm.dylib+0x489ed2]
C  [libsystem_pthread.dylib+0x3aab]  _pthread_body+0xb4
C  [libsystem_pthread.dylib+0x39f7]  _pthread_body+0x0
C  [libsystem_pthread.dylib+0x31fd]  thread_start+0xd
C  0x0000000000000000

Java frames: (J=compiled Java code, j=interpreted, Vv=VM code)
J 2851  sun.java2d.opengl.OGLRenderQueue.flushBuffer(JI)V (0 bytes) @ 0x00000001133922b8 [0x0000000113392280+0x38]
J 5095 C2 sun.java2d.opengl.OGLRenderQueue.access$100(Lsun/java2d/opengl/OGLRenderQueue;)V (5 bytes) @ 0x0000000113f676f0 [0x0000000113f676c0+0x30]
j  sun.java2d.opengl.OGLRenderQueue$QueueFlusher.run()V+81
v  ~StubRoutines::call_stub

---------------  P R O C E S S  ---------------

Java Threads: ( => current thread )
  0x00007ff3dc175800 JavaThread "Keep-Alive-Timer" daemon [_thread_blocked, id=5471, stack(0x000070001001d000,0x000070001011d000)]
  0x00007ff3d0b99000 JavaThread "TimerQueue" daemon [_thread_blocked, id=66191, stack(0x0000700011e03000,0x0000700011f03000)]
  0x00007ff3ceace000 JavaThread "DestroyJavaVM" [_thread_blocked, id=7171, stack(0x00007000101a6000,0x00007000102a6000)]
  0x00007ff3cf9ee000 JavaThread "AWT-EventQueue-0" [_thread_in_Java, id=65539, stack(0x0000700011d00000,0x0000700011e00000)]
  0x00007ff3cf921000 JavaThread "Java2D Disposer" daemon [_thread_blocked, id=62479, stack(0x0000700011b7a000,0x0000700011c7a000)]
=>0x00007ff3d0a5c800 JavaThread "Java2D Queue Flusher" daemon [_thread_in_native, id=53295, stack(0x0000700011a77000,0x0000700011b77000)]
  0x00007ff3d0a34800 JavaThread "AWT-Shutdown" [_thread_blocked, id=34079, stack(0x0000700011768000,0x0000700011868000)]
  0x00007ff3ce951800 JavaThread "AppKit Thread" daemon [_thread_in_native, id=775, stack(0x00007fff5310d000,0x00007fff5390d000)]
  0x00007ff3ce836000 JavaThread "Monitor Ctrl-Break" daemon [_thread_in_native, id=22275, stack(0x00007000114df000,0x00007000115df000)]
  0x00007ff3d281c800 JavaThread "Service Thread" daemon [_thread_blocked, id=21251, stack(0x00007000112d9000,0x00007000113d9000)]
  0x00007ff3d2813800 JavaThread "C1 CompilerThread3" daemon [_thread_blocked, id=20739, stack(0x00007000111d6000,0x00007000112d6000)]
  0x00007ff3d2803000 JavaThread "C2 CompilerThread2" daemon [_thread_blocked, id=20227, stack(0x00007000110d3000,0x00007000111d3000)]
  0x00007ff3d2802000 JavaThread "C2 CompilerThread1" daemon [_thread_blocked, id=19715, stack(0x0000700010fd0000,0x00007000110d0000)]
  0x00007ff3d0833800 JavaThread "C2 CompilerThread0" daemon [_thread_blocked, id=19203, stack(0x0000700010ecd000,0x0000700010fcd000)]
  0x00007ff3d082c000 JavaThread "Signal Dispatcher" daemon [_thread_blocked, id=18691, stack(0x0000700010dca000,0x0000700010eca000)]
  0x00007ff3d180f800 JavaThread "Finalizer" daemon [_thread_blocked, id=14595, stack(0x0000700010cc7000,0x0000700010dc7000)]
  0x00007ff3d1809000 JavaThread "Reference Handler" daemon [_thread_blocked, id=14083, stack(0x0000700010bc4000,0x0000700010cc4000)]

Other Threads:
  0x00007ff3d1006000 VMThread [stack: 0x0000700010ac1000,0x0000700010bc1000] [id=13571]
  0x00007ff3d1816800 WatcherThread [stack: 0x00007000113dc000,0x00007000114dc000] [id=21763]

VM state:not at safepoint (normal execution)

VM Mutex/Monitor currently owned by a thread: None

Heap:
 PSYoungGen      total 125952K, used 1723K [0x000000076ab00000, 0x0000000776580000, 0x00000007c0000000)
  eden space 80384K, 2% used [0x000000076ab00000,0x000000076acaeed8,0x000000076f980000)
  from space 45568K, 0% used [0x000000076f980000,0x000000076f980000,0x0000000772600000)
  to   space 47104K, 0% used [0x0000000773780000,0x0000000773780000,0x0000000776580000)
 ParOldGen       total 192512K, used 112614K [0x00000006c0000000, 0x00000006cbc00000, 0x000000076ab00000)
  object space 192512K, 58% used [0x00000006c0000000,0x00000006c6df9808,0x00000006cbc00000)
 Metaspace       used 19519K, capacity 19886K, committed 20224K, reserved 1067008K
  class space    used 2138K, capacity 2263K, committed 2304K, reserved 1048576K

Card table byte_map: [0x000000010e761000,0x000000010ef62000] byte_map_base: 0x000000010b161000

Marking Bits: (ParMarkBitMap*) 0x000000010dcefd20
 Begin Bits: [0x000000012212a000, 0x000000012612a000)
 End Bits:   [0x000000012612a000, 0x000000012a12a000)

Polling page: 0x000000010c3b3000

CodeCache: size=245760Kb used=14718Kb max_used=15175Kb free=231041Kb
 bounds [0x000000011312a000, 0x000000011404a000, 0x000000012212a000]
 total_blobs=4661 nmethods=4087 adapters=485
 compilation: enabled

Compilation events (10 events):
Event: 1125.487 Thread 0x00007ff3d2802000 nmethod 5616 0x0000000113876990 code [0x0000000113876ae0, 0x0000000113876b58]
Event: 1125.505 Thread 0x00007ff3d0833800 nmethod 5614% 0x0000000113a99910 code [0x0000000113a99b60, 0x0000000113a9a790]
Event: 1125.749 Thread 0x00007ff3d2813800 5617       3       javax.swing.plaf.ComponentUI::update (36 bytes)
Event: 1125.749 Thread 0x00007ff3d2813800 nmethod 5617 0x0000000113c45110 code [0x0000000113c452e0, 0x0000000113c45bc8]
Event: 1125.774 Thread 0x00007ff3d2803000 5618   !   4       java.awt.Container::validate (105 bytes)
Event: 1125.792 Thread 0x00007ff3d2803000 nmethod 5618 0x00000001139a8ed0 code [0x00000001139a9320, 0x00000001139aaa50]
Event: 1126.060 Thread 0x00007ff3d2802000 5619       4       java.util.IdentityHashMap$IdentityHashMapIterator::hasNext (50 bytes)
Event: 1126.060 Thread 0x00007ff3d0833800 5620   !   4       javax.swing.RepaintManager::paintDirtyRegions (196 bytes)
Event: 1126.061 Thread 0x00007ff3d2802000 nmethod 5619 0x00000001139a8b90 code [0x00000001139a8ce0, 0x00000001139a8df8]
Event: 1126.081 Thread 0x00007ff3d0833800 nmethod 5620 0x0000000113595b50 code [0x0000000113595de0, 0x0000000113596bd0]

GC Heap History (10 events):
Event: 1125.456 GC heap before
{Heap before GC invocations=2424 (full 4):
 PSYoungGen      total 114688K, used 114677K [0x000000076ab00000, 0x0000000775000000, 0x00000007c0000000)
  eden space 88064K, 100% used [0x000000076ab00000,0x0000000770100000,0x0000000770100000)
  from space 26624K, 99% used [0x0000000770380000,0x0000000771d7d4b8,0x0000000771d80000)
  to   space 40448K, 0% used [0x0000000772880000,0x0000000772880000,0x0000000775000000)
 ParOldGen       total 164864K, used 148966K [0x00000006c0000000, 0x00000006ca100000, 0x000000076ab00000)
  object space 164864K, 90% used [0x00000006c0000000,0x00000006c9179bc0,0x00000006ca100000)
 Metaspace       used 19519K, capacity 19886K, committed 20224K, reserved 1067008K
  class space    used 2138K, capacity 2263K, committed 2304K, reserved 1048576K
Event: 1125.458 GC heap after
Heap after GC invocations=2424 (full 4):
 PSYoungGen      total 124416K, used 14611K [0x000000076ab00000, 0x0000000774e00000, 0x00000007c0000000)
  eden space 86016K, 0% used [0x000000076ab00000,0x000000076ab00000,0x000000076ff00000)
  from space 38400K, 38% used [0x0000000772880000,0x00000007736c4db0,0x0000000774e00000)
  to   space 40448K, 0% used [0x000000076ff00000,0x000000076ff00000,0x0000000772680000)
 ParOldGen       total 164864K, used 149515K [0x00000006c0000000, 0x00000006ca100000, 0x000000076ab00000)
  object space 164864K, 90% used [0x00000006c0000000,0x00000006c9202ef0,0x00000006ca100000)
 Metaspace       used 19519K, capacity 19886K, committed 20224K, reserved 1067008K
  class space    used 2138K, capacity 2263K, committed 2304K, reserved 1048576K
}
Event: 1125.806 GC heap before
{Heap before GC invocations=2425 (full 4):
 PSYoungGen      total 124416K, used 100627K [0x000000076ab00000, 0x0000000774e00000, 0x00000007c0000000)
  eden space 86016K, 100% used [0x000000076ab00000,0x000000076ff00000,0x000000076ff00000)
  from space 38400K, 38% used [0x0000000772880000,0x00000007736c4db0,0x0000000774e00000)
  to   space 40448K, 0% used [0x000000076ff00000,0x000000076ff00000,0x0000000772680000)
 ParOldGen       total 164864K, used 149515K [0x00000006c0000000, 0x00000006ca100000, 0x000000076ab00000)
  object space 164864K, 90% used [0x00000006c0000000,0x00000006c9202ef0,0x00000006ca100000)
 Metaspace       used 19519K, capacity 19886K, committed 20224K, reserved 1067008K
  class space    used 2138K, capacity 2263K, committed 2304K, reserved 1048576K
Event: 1125.811 GC heap after
Heap after GC invocations=2425 (full 4):
 PSYoungGen      total 90112K, used 5932K [0x000000076ab00000, 0x0000000774f00000, 0x00000007c0000000)
  eden space 83968K, 0% used [0x000000076ab00000,0x000000076ab00000,0x000000076fd00000)
  from space 6144K, 96% used [0x000000076ff00000,0x00000007704cb220,0x0000000770500000)
  to   space 41984K, 0% used [0x0000000772600000,0x0000000772600000,0x0000000774f00000)
 ParOldGen       total 164864K, used 149587K [0x00000006c0000000, 0x00000006ca100000, 0x000000076ab00000)
  object space 164864K, 90% used [0x00000006c0000000,0x00000006c9214ef0,0x00000006ca100000)
 Metaspace       used 19519K, capacity 19886K, committed 20224K, reserved 1067008K
  class space    used 2138K, capacity 2263K, committed 2304K, reserved 1048576K
}
Event: 1126.121 GC heap before
{Heap before GC invocations=2426 (full 4):
 PSYoungGen      total 90112K, used 85880K [0x000000076ab00000, 0x0000000774f00000, 0x00000007c0000000)
  eden space 83968K, 95% used [0x000000076ab00000,0x000000076f912e18,0x000000076fd00000)
  from space 6144K, 96% used [0x000000076ff00000,0x00000007704cb220,0x0000000770500000)
  to   space 41984K, 0% used [0x0000000772600000,0x0000000772600000,0x0000000774f00000)
 ParOldGen       total 164864K, used 149587K [0x00000006c0000000, 0x00000006ca100000, 0x000000076ab00000)
  object space 164864K, 90% used [0x00000006c0000000,0x00000006c9214ef0,0x00000006ca100000)
 Metaspace       used 19519K, capacity 19886K, committed 20224K, reserved 1067008K
  class space    used 2138K, capacity 2263K, committed 2304K, reserved 1048576K
Event: 1126.142 GC heap after
Heap after GC invocations=2426 (full 4):
 PSYoungGen      total 122368K, used 36884K [0x000000076ab00000, 0x0000000776680000, 0x00000007c0000000)
  eden space 80384K, 0% used [0x000000076ab00000,0x000000076ab00000,0x000000076f980000)
  from space 41984K, 87% used [0x0000000772600000,0x0000000774a05260,0x0000000774f00000)
  to   space 45568K, 0% used [0x000000076f980000,0x000000076f980000,0x0000000772600000)
 ParOldGen       total 164864K, used 155011K [0x00000006c0000000, 0x00000006ca100000, 0x000000076ab00000)
  object space 164864K, 94% used [0x00000006c0000000,0x00000006c9760eb0,0x00000006ca100000)
 Metaspace       used 19519K, capacity 19886K, committed 20224K, reserved 1067008K
  class space    used 2138K, capacity 2263K, committed 2304K, reserved 1048576K
}
Event: 1126.390 GC heap before
{Heap before GC invocations=2427 (full 4):
 PSYoungGen      total 122368K, used 117268K [0x000000076ab00000, 0x0000000776680000, 0x00000007c0000000)
  eden space 80384K, 100% used [0x000000076ab00000,0x000000076f980000,0x000000076f980000)
  from space 41984K, 87% used [0x0000000772600000,0x0000000774a05260,0x0000000774f00000)
  to   space 45568K, 0% used [0x000000076f980000,0x000000076f980000,0x0000000772600000)
 ParOldGen       total 164864K, used 155011K [0x00000006c0000000, 0x00000006ca100000, 0x000000076ab00000)
  object space 164864K, 94% used [0x00000006c0000000,0x00000006c9760eb0,0x00000006ca100000)
 Metaspace       used 19519K, capacity 19886K, committed 20224K, reserved 1067008K
  class space    used 2138K, capacity 2263K, committed 2304K, reserved 1048576K
Event: 1126.407 GC heap after
Heap after GC invocations=2427 (full 4):
 PSYoungGen      total 125952K, used 2552K [0x000000076ab00000, 0x0000000776580000, 0x00000007c0000000)
  eden space 80384K, 0% used [0x000000076ab00000,0x000000076ab00000,0x000000076f980000)
  from space 45568K, 5% used [0x000000076f980000,0x000000076fbfe020,0x0000000772600000)
  to   space 47104K, 0% used [0x0000000773780000,0x0000000773780000,0x0000000776580000)
 ParOldGen       total 180736K, used 179488K [0x00000006c0000000, 0x00000006cb080000, 0x000000076ab00000)
  object space 180736K, 99% used [0x00000006c0000000,0x00000006caf48310,0x00000006cb080000)
 Metaspace       used 19519K, capacity 19886K, committed 20224K, reserved 1067008K
  class space    used 2138K, capacity 2263K, committed 2304K, reserved 1048576K
}
Event: 1126.407 GC heap before
{Heap before GC invocations=2428 (full 5):
 PSYoungGen      total 125952K, used 2552K [0x000000076ab00000, 0x0000000776580000, 0x00000007c0000000)
  eden space 80384K, 0% used [0x000000076ab00000,0x000000076ab00000,0x000000076f980000)
  from space 45568K, 5% used [0x000000076f980000,0x000000076fbfe020,0x0000000772600000)
  to   space 47104K, 0% used [0x0000000773780000,0x0000000773780000,0x0000000776580000)
 ParOldGen       total 180736K, used 179488K [0x00000006c0000000, 0x00000006cb080000, 0x000000076ab00000)
  object space 180736K, 99% used [0x00000006c0000000,0x00000006caf48310,0x00000006cb080000)
 Metaspace       used 19519K, capacity 19886K, committed 20224K, reserved 1067008K
  class space    used 2138K, capacity 2263K, committed 2304K, reserved 1048576K
Event: 1126.632 GC heap after
Heap after GC invocations=2428 (full 5):
 PSYoungGen      total 125952K, used 0K [0x000000076ab00000, 0x0000000776580000, 0x00000007c0000000)
  eden space 80384K, 0% used [0x000000076ab00000,0x000000076ab00000,0x000000076f980000)
  from space 45568K, 0% used [0x000000076f980000,0x000000076f980000,0x0000000772600000)
  to   space 47104K, 0% used [0x0000000773780000,0x0000000773780000,0x0000000776580000)
 ParOldGen       total 192512K, used 112614K [0x00000006c0000000, 0x00000006cbc00000, 0x000000076ab00000)
  object space 192512K, 58% used [0x00000006c0000000,0x00000006c6df9808,0x00000006cbc00000)
 Metaspace       used 19519K, capacity 19886K, committed 20224K, reserved 1067008K
  class space    used 2138K, capacity 2263K, committed 2304K, reserved 1048576K
}

Deoptimization events (10 events):
Event: 1125.170 Thread 0x00007ff3cf9ee000 Uncommon trap: reason=class_check action=maybe_recompile pc=0x0000000113f6c054 method=sun.java2d.pipe.ValidatePipe.drawChars(Lsun/java2d/SunGraphics2D;[CIIII)V @ 21
Event: 1125.170 Thread 0x00007ff3cf9ee000 Uncommon trap: reason=class_check action=maybe_recompile pc=0x0000000113f6c054 method=sun.java2d.pipe.ValidatePipe.drawChars(Lsun/java2d/SunGraphics2D;[CIIII)V @ 21
Event: 1125.170 Thread 0x00007ff3cf9ee000 Uncommon trap: reason=class_check action=maybe_recompile pc=0x0000000113f6c054 method=sun.java2d.pipe.ValidatePipe.drawChars(Lsun/java2d/SunGraphics2D;[CIIII)V @ 21
Event: 1125.171 Thread 0x00007ff3cf9ee000 Uncommon trap: reason=bimorphic action=maybe_recompile pc=0x0000000113cada60 method=sun.java2d.SunGraphics2D.validateColor()V @ 95
Event: 1125.185 Thread 0x00007ff3cf9ee000 Uncommon trap: reason=class_check action=maybe_recompile pc=0x0000000113fb1248 method=sun.awt.image.SurfaceManager.getImageScale(Ljava/awt/Image;)I @ 18
Event: 1125.430 Thread 0x00007ff3cf9ee000 Uncommon trap: reason=unstable_if action=reinterpret pc=0x0000000113fb4534 method=sun.java2d.pipe.DrawImage.isSimpleTranslate(Lsun/java2d/SunGraphics2D;)Z @ 7
Event: 1125.486 Thread 0x00007ff3cf9ee000 Uncommon trap: reason=unstable_if action=reinterpret pc=0x0000000113bb1d64 method=sun.java2d.pipe.Region.getIntersectionXYXY(IIII)Lsun/java2d/pipe/Region; @ 72
Event: 1125.487 Thread 0x00007ff3cf9ee000 Uncommon trap: reason=bimorphic action=maybe_recompile pc=0x000000011397f588 method=sun.java2d.opengl.OGLRenderer.validateContext(Lsun/java2d/SunGraphics2D;)V @ 4
Event: 1125.750 Thread 0x00007ff3cf9ee000 Uncommon trap: reason=class_check action=maybe_recompile pc=0x0000000113cd3fa0 method=java.awt.Container.validate()V @ 35
Event: 1126.048 Thread 0x00007ff3cf9ee000 Uncommon trap: reason=unstable_if action=reinterpret pc=0x0000000113789140 method=java.util.HashMap$HashIterator.<init>(Ljava/util/HashMap;)V @ 45

Internal exceptions (10 events):
Event: 0.843 Thread 0x00007ff3cf002800 Exception <a 'java/security/PrivilegedActionException'> (0x000000076c4c1050) thrown at [/Users/java_re/workspace/8-2-build-macosx-x86_64/jdk8u102/7268/hotspot/src/share/vm/prims/jvm.cpp, line 1386]
Event: 0.843 Thread 0x00007ff3cf002800 Exception <a 'java/security/PrivilegedActionException'> (0x000000076c4c1260) thrown at [/Users/java_re/workspace/8-2-build-macosx-x86_64/jdk8u102/7268/hotspot/src/share/vm/prims/jvm.cpp, line 1386]
Event: 1.044 Thread 0x00007ff3cf002800 Exception <a 'java/io/FileNotFoundException'> (0x000000076c4cef50) thrown at [/Users/java_re/workspace/8-2-build-macosx-x86_64/jdk8u102/7268/hotspot/src/share/vm/prims/jni.cpp, line 709]
Event: 1.044 Thread 0x00007ff3cf002800 Exception <a 'java/io/FileNotFoundException'> (0x000000076c4cfa88) thrown at [/Users/java_re/workspace/8-2-build-macosx-x86_64/jdk8u102/7268/hotspot/src/share/vm/prims/jni.cpp, line 709]
Event: 1.174 Thread 0x00007ff3cf002800 Implicit null exception at 0x0000000113458475 to 0x0000000113458839
Event: 1.174 Thread 0x00007ff3cf002800 Implicit null exception at 0x000000011340c536 to 0x000000011340c901
Event: 1.178 Thread 0x00007ff3cf002800 Implicit null exception at 0x00000001133b6dd8 to 0x00000001133b6e66
Event: 1.181 Thread 0x00007ff3cf002800 Implicit null exception at 0x00000001133c4eef to 0x00000001133c4f59
Event: 3.819 Thread 0x00007ff3d180f800 Exception <a 'java/lang/NullPointerException'> (0x000000076ad3d5e8) thrown at [/Users/java_re/workspace/8-2-build-macosx-x86_64/jdk8u102/7268/hotspot/src/share/vm/interpreter/linkResolver.cpp, line 1178]
Event: 42.745 Thread 0x00007ff3ce951800 Implicit null exception at 0x000000011322c58c to 0x000000011322c6dd

Events (10 events):
Event: 1126.633 Executing VM operation: RevokeBias
Event: 1126.633 Executing VM operation: RevokeBias done
Event: 1126.633 Executing VM operation: RevokeBias
Event: 1126.633 Executing VM operation: RevokeBias done
Event: 1126.633 Executing VM operation: RevokeBias
Event: 1126.633 Executing VM operation: RevokeBias done
Event: 1126.633 Executing VM operation: RevokeBias
Event: 1126.633 Executing VM operation: RevokeBias done
Event: 1126.633 Executing VM operation: RevokeBias
Event: 1126.633 Executing VM operation: RevokeBias done


Dynamic libraries:
0x00000000546ea000 	/System/Library/Frameworks/Cocoa.framework/Versions/A/Cocoa
0x00000000546ea000 	/System/Library/Frameworks/Security.framework/Versions/A/Security
0x00000000546ea000 	/System/Library/Frameworks/ApplicationServices.framework/Versions/A/ApplicationServices
0x00000000546ea000 	/usr/lib/libz.1.dylib
0x00000000546ea000 	/usr/lib/libSystem.B.dylib
0x00000000546ea000 	/usr/lib/libobjc.A.dylib
0x00000000546ea000 	/System/Library/Frameworks/CoreFoundation.framework/Versions/A/CoreFoundation
0x00000000546ea000 	/System/Library/Frameworks/Foundation.framework/Versions/C/Foundation
0x00000000546ea000 	/System/Library/Frameworks/AppKit.framework/Versions/C/AppKit
0x00000000546ea000 	/System/Library/Frameworks/CoreData.framework/Versions/A/CoreData
0x00000000546ea000 	/System/Library/PrivateFrameworks/RemoteViewServices.framework/Versions/A/RemoteViewServices
0x00000000546ea000 	/System/Library/PrivateFrameworks/UIFoundation.framework/Versions/A/UIFoundation
0x00000000546ea000 	/System/Library/PrivateFrameworks/DFRFoundation.framework/Versions/A/DFRFoundation
0x00000000546ea000 	/usr/lib/libenergytrace.dylib
0x00000000546ea000 	/System/Library/PrivateFrameworks/SkyLight.framework/Versions/A/SkyLight
0x00000000546ea000 	/System/Library/Frameworks/CoreGraphics.framework/Versions/A/CoreGraphics
0x00000000546ea000 	/usr/lib/libScreenReader.dylib
0x00000000546ea000 	/System/Library/Frameworks/Accelerate.framework/Versions/A/Accelerate
0x00000000546ea000 	/System/Library/Frameworks/IOSurface.framework/Versions/A/IOSurface
0x00000000546ea000 	/System/Library/Frameworks/AudioToolbox.framework/Versions/A/AudioToolbox
0x00000000546ea000 	/System/Library/Frameworks/AudioUnit.framework/Versions/A/AudioUnit
0x00000000546ea000 	/System/Library/PrivateFrameworks/DataDetectorsCore.framework/Versions/A/DataDetectorsCore
0x00000000546ea000 	/System/Library/PrivateFrameworks/DesktopServicesPriv.framework/Versions/A/DesktopServicesPriv
0x00000000546ea000 	/System/Library/Frameworks/Carbon.framework/Versions/A/Frameworks/HIToolbox.framework/Versions/A/HIToolbox
0x00000000546ea000 	/usr/lib/libicucore.A.dylib
0x00000000546ea000 	/System/Library/Frameworks/QuartzCore.framework/Versions/A/QuartzCore
0x00000000546ea000 	/System/Library/Frameworks/Carbon.framework/Versions/A/Frameworks/SpeechRecognition.framework/Versions/A/SpeechRecognition
0x00000000546ea000 	/usr/lib/libauto.dylib
0x00000000546ea000 	/usr/lib/libxml2.2.dylib
0x00000000546ea000 	/System/Library/PrivateFrameworks/CoreUI.framework/Versions/A/CoreUI
0x00000000546ea000 	/System/Library/Frameworks/CoreAudio.framework/Versions/A/CoreAudio
0x00000000546ea000 	/System/Library/Frameworks/DiskArbitration.framework/Versions/A/DiskArbitration
0x00000000546ea000 	/usr/lib/liblangid.dylib
0x00000000546ea000 	/System/Library/PrivateFrameworks/MultitouchSupport.framework/Versions/A/MultitouchSupport
0x00000000546ea000 	/System/Library/Frameworks/IOKit.framework/Versions/A/IOKit
0x00000000546ea000 	/usr/lib/libDiagnosticMessagesClient.dylib
0x00000000546ea000 	/System/Library/Frameworks/CoreServices.framework/Versions/A/CoreServices
0x00000000546ea000 	/System/Library/PrivateFrameworks/PerformanceAnalysis.framework/Versions/A/PerformanceAnalysis
0x00000000546ea000 	/System/Library/PrivateFrameworks/GenerationalStorage.framework/Versions/A/GenerationalStorage
0x00000000546ea000 	/System/Library/Frameworks/OpenGL.framework/Versions/A/OpenGL
0x00000000546ea000 	/System/Library/Frameworks/CoreImage.framework/Versions/A/CoreImage
0x00000000546ea000 	/System/Library/Frameworks/CoreText.framework/Versions/A/CoreText
0x00000000546ea000 	/System/Library/Frameworks/ImageIO.framework/Versions/A/ImageIO
0x00000000546ea000 	/System/Library/PrivateFrameworks/Backup.framework/Versions/A/Backup
0x00000000546ea000 	/usr/lib/libarchive.2.dylib
0x00000000546ea000 	/System/Library/Frameworks/CFNetwork.framework/Versions/A/CFNetwork
0x00000000546ea000 	/System/Library/Frameworks/SystemConfiguration.framework/Versions/A/SystemConfiguration
0x00000000546ea000 	/usr/lib/libCRFSuite.dylib
0x00000000546ea000 	/usr/lib/libc++.1.dylib
0x00000000546ea000 	/usr/lib/libc++abi.dylib
0x00000000546ea000 	/usr/lib/system/libcache.dylib
0x00000000546ea000 	/usr/lib/system/libcommonCrypto.dylib
0x00000000546ea000 	/usr/lib/system/libcompiler_rt.dylib
0x00000000546ea000 	/usr/lib/system/libcopyfile.dylib
0x00000000546ea000 	/usr/lib/system/libcorecrypto.dylib
0x00000000546ea000 	/usr/lib/system/libdispatch.dylib
0x00000000546ea000 	/usr/lib/system/libdyld.dylib
0x00000000546ea000 	/usr/lib/system/libkeymgr.dylib
0x00000000546ea000 	/usr/lib/system/liblaunch.dylib
0x00000000546ea000 	/usr/lib/system/libmacho.dylib
0x00000000546ea000 	/usr/lib/system/libquarantine.dylib
0x00000000546ea000 	/usr/lib/system/libremovefile.dylib
0x00000000546ea000 	/usr/lib/system/libsystem_asl.dylib
0x00000000546ea000 	/usr/lib/system/libsystem_blocks.dylib
0x00000000546ea000 	/usr/lib/system/libsystem_c.dylib
0x00000000546ea000 	/usr/lib/system/libsystem_configuration.dylib
0x00000000546ea000 	/usr/lib/system/libsystem_coreservices.dylib
0x00000000546ea000 	/usr/lib/system/libsystem_coretls.dylib
0x00000000546ea000 	/usr/lib/system/libsystem_dnssd.dylib
0x00000000546ea000 	/usr/lib/system/libsystem_info.dylib
0x00000000546ea000 	/usr/lib/system/libsystem_kernel.dylib
0x00000000546ea000 	/usr/lib/system/libsystem_m.dylib
0x00000000546ea000 	/usr/lib/system/libsystem_malloc.dylib
0x00000000546ea000 	/usr/lib/system/libsystem_network.dylib
0x00000000546ea000 	/usr/lib/system/libsystem_networkextension.dylib
0x00000000546ea000 	/usr/lib/system/libsystem_notify.dylib
0x00000000546ea000 	/usr/lib/system/libsystem_platform.dylib
0x00000000546ea000 	/usr/lib/system/libsystem_pthread.dylib
0x00000000546ea000 	/usr/lib/system/libsystem_sandbox.dylib
0x00000000546ea000 	/usr/lib/system/libsystem_secinit.dylib
0x00000000546ea000 	/usr/lib/system/libsystem_symptoms.dylib
0x00000000546ea000 	/usr/lib/system/libsystem_trace.dylib
0x00000000546ea000 	/usr/lib/system/libunwind.dylib
0x00000000546ea000 	/usr/lib/system/libxpc.dylib
0x00000000546ea000 	/usr/lib/libbsm.0.dylib
0x00000000546ea000 	/usr/lib/system/libkxld.dylib
0x00000000546ea000 	/usr/lib/libcoretls.dylib
0x00000000546ea000 	/usr/lib/libcoretls_cfhelpers.dylib
0x00000000546ea000 	/usr/lib/libxar.1.dylib
0x00000000546ea000 	/usr/lib/libsqlite3.dylib
0x00000000546ea000 	/usr/lib/libpam.2.dylib
0x00000000546ea000 	/usr/lib/libOpenScriptingUtil.dylib
0x00000000546ea000 	/usr/lib/libbz2.1.0.dylib
0x00000000546ea000 	/usr/lib/liblzma.5.dylib
0x00000000546ea000 	/usr/lib/libnetwork.dylib
0x00000000546ea000 	/usr/lib/libpcap.A.dylib
0x00000000546ea000 	/System/Library/Frameworks/CoreServices.framework/Versions/A/Frameworks/FSEvents.framework/Versions/A/FSEvents
0x00000000546ea000 	/System/Library/Frameworks/CoreServices.framework/Versions/A/Frameworks/CarbonCore.framework/Versions/A/CarbonCore
0x00000000546ea000 	/System/Library/Frameworks/CoreServices.framework/Versions/A/Frameworks/Metadata.framework/Versions/A/Metadata
0x00000000546ea000 	/System/Library/Frameworks/CoreServices.framework/Versions/A/Frameworks/OSServices.framework/Versions/A/OSServices
0x00000000546ea000 	/System/Library/Frameworks/CoreServices.framework/Versions/A/Frameworks/SearchKit.framework/Versions/A/SearchKit
0x00000000546ea000 	/System/Library/Frameworks/CoreServices.framework/Versions/A/Frameworks/AE.framework/Versions/A/AE
0x00000000546ea000 	/System/Library/Frameworks/CoreServices.framework/Versions/A/Frameworks/LaunchServices.framework/Versions/A/LaunchServices
0x00000000546ea000 	/System/Library/Frameworks/CoreServices.framework/Versions/A/Frameworks/DictionaryServices.framework/Versions/A/DictionaryServices
0x00000000546ea000 	/System/Library/Frameworks/CoreServices.framework/Versions/A/Frameworks/SharedFileList.framework/Versions/A/SharedFileList
0x00000000546ea000 	/System/Library/Frameworks/NetFS.framework/Versions/A/NetFS
0x00000000546ea000 	/System/Library/PrivateFrameworks/NetAuth.framework/Versions/A/NetAuth
0x00000000546ea000 	/System/Library/PrivateFrameworks/login.framework/Versions/A/Frameworks/loginsupport.framework/Versions/A/loginsupport
0x00000000546ea000 	/System/Library/PrivateFrameworks/TCC.framework/Versions/A/TCC
0x00000000546ea000 	/usr/lib/libmecabra.dylib
0x00000000546ea000 	/System/Library/Frameworks/ApplicationServices.framework/Versions/A/Frameworks/ATS.framework/Versions/A/ATS
0x00000000546ea000 	/System/Library/Frameworks/ApplicationServices.framework/Versions/A/Frameworks/ColorSync.framework/Versions/A/ColorSync
0x00000000546ea000 	/System/Library/Frameworks/ApplicationServices.framework/Versions/A/Frameworks/HIServices.framework/Versions/A/HIServices
0x00000000546ea000 	/System/Library/Frameworks/ApplicationServices.framework/Versions/A/Frameworks/LangAnalysis.framework/Versions/A/LangAnalysis
0x00000000546ea000 	/System/Library/Frameworks/ApplicationServices.framework/Versions/A/Frameworks/PrintCore.framework/Versions/A/PrintCore
0x00000000546ea000 	/System/Library/Frameworks/ApplicationServices.framework/Versions/A/Frameworks/QD.framework/Versions/A/QD
0x00000000546ea000 	/System/Library/Frameworks/ApplicationServices.framework/Versions/A/Frameworks/SpeechSynthesis.framework/Versions/A/SpeechSynthesis
0x00000000546ea000 	/System/Library/Frameworks/Accelerate.framework/Versions/A/Frameworks/vImage.framework/Versions/A/vImage
0x00000000546ea000 	/System/Library/Frameworks/Accelerate.framework/Versions/A/Frameworks/vecLib.framework/Versions/A/vecLib
0x00000000546ea000 	/System/Library/Frameworks/Accelerate.framework/Versions/A/Frameworks/vecLib.framework/Versions/A/libvDSP.dylib
0x00000000546ea000 	/System/Library/Frameworks/Accelerate.framework/Versions/A/Frameworks/vecLib.framework/Versions/A/libBNNS.dylib
0x00000000546ea000 	/System/Library/Frameworks/Accelerate.framework/Versions/A/Frameworks/vecLib.framework/Versions/A/libQuadrature.dylib
0x00000000546ea000 	/System/Library/Frameworks/Accelerate.framework/Versions/A/Frameworks/vecLib.framework/Versions/A/libvMisc.dylib
0x00000000546ea000 	/System/Library/Frameworks/Accelerate.framework/Versions/A/Frameworks/vecLib.framework/Versions/A/libLAPACK.dylib
0x00000000546ea000 	/System/Library/Frameworks/Accelerate.framework/Versions/A/Frameworks/vecLib.framework/Versions/A/libBLAS.dylib
0x00000000546ea000 	/System/Library/Frameworks/Accelerate.framework/Versions/A/Frameworks/vecLib.framework/Versions/A/libLinearAlgebra.dylib
0x00000000546ea000 	/System/Library/Frameworks/Accelerate.framework/Versions/A/Frameworks/vecLib.framework/Versions/A/libSparseBLAS.dylib
0x00000000546ea000 	/System/Library/Frameworks/ApplicationServices.framework/Versions/A/Frameworks/ATS.framework/Versions/A/Resources/libFontParser.dylib
0x00000000546ea000 	/System/Library/Frameworks/ApplicationServices.framework/Versions/A/Frameworks/ATS.framework/Versions/A/Resources/libFontRegistry.dylib
0x00000000546ea000 	/System/Library/Frameworks/ImageIO.framework/Versions/A/Resources/libJPEG.dylib
0x00000000546ea000 	/System/Library/Frameworks/ImageIO.framework/Versions/A/Resources/libTIFF.dylib
0x00000000546ea000 	/System/Library/Frameworks/ImageIO.framework/Versions/A/Resources/libPng.dylib
0x00000000546ea000 	/System/Library/Frameworks/ImageIO.framework/Versions/A/Resources/libGIF.dylib
0x00000000546ea000 	/System/Library/Frameworks/ImageIO.framework/Versions/A/Resources/libJP2.dylib
0x00000000546ea000 	/System/Library/Frameworks/ImageIO.framework/Versions/A/Resources/libRadiance.dylib
0x00000000546ea000 	/usr/lib/libcompression.dylib
0x00000000546ea000 	/System/Library/PrivateFrameworks/AppleJPEG.framework/Versions/A/AppleJPEG
0x00000000546ea000 	/usr/lib/libcups.2.dylib
0x00000000546ea000 	/System/Library/Frameworks/Kerberos.framework/Versions/A/Kerberos
0x00000000546ea000 	/System/Library/Frameworks/GSS.framework/Versions/A/GSS
0x00000000546ea000 	/usr/lib/libresolv.9.dylib
0x00000000546ea000 	/usr/lib/libiconv.2.dylib
0x00000000546ea000 	/System/Library/PrivateFrameworks/Heimdal.framework/Versions/A/Heimdal
0x00000000546ea000 	/usr/lib/libheimdal-asn1.dylib
0x00000000546ea000 	/System/Library/Frameworks/OpenDirectory.framework/Versions/A/OpenDirectory
0x00000000546ea000 	/System/Library/PrivateFrameworks/CommonAuth.framework/Versions/A/CommonAuth
0x00000000546ea000 	/System/Library/Frameworks/OpenDirectory.framework/Versions/A/Frameworks/CFOpenDirectory.framework/Versions/A/CFOpenDirectory
0x00000000546ea000 	/System/Library/Frameworks/SecurityFoundation.framework/Versions/A/SecurityFoundation
0x00000000546ea000 	/System/Library/PrivateFrameworks/LanguageModeling.framework/Versions/A/LanguageModeling
0x00000000546ea000 	/usr/lib/libmarisa.dylib
0x00000000546ea000 	/usr/lib/libChineseTokenizer.dylib
0x00000000546ea000 	/usr/lib/libcmph.dylib
0x00000000546ea000 	/System/Library/PrivateFrameworks/CoreEmoji.framework/Versions/A/CoreEmoji
0x00000000546ea000 	/System/Library/Frameworks/ServiceManagement.framework/Versions/A/ServiceManagement
0x00000000546ea000 	/usr/lib/libxslt.1.dylib
0x00000000546ea000 	/System/Library/Frameworks/Carbon.framework/Versions/A/Frameworks/Ink.framework/Versions/A/Ink
0x00000000546ea000 	/System/Library/PrivateFrameworks/TextureIO.framework/Versions/A/TextureIO
0x00000000546ea000 	/System/Library/Frameworks/Metal.framework/Versions/A/Metal
0x00000000546ea000 	/usr/lib/libate.dylib
0x00000000546ea000 	/System/Library/PrivateFrameworks/GPUCompiler.framework/libmetal_timestamp.dylib
0x00000000546ea000 	/System/Library/Frameworks/OpenGL.framework/Versions/A/Libraries/libCoreFSCache.dylib
0x00000000546ea000 	/System/Library/PrivateFrameworks/IOAccelerator.framework/Versions/A/IOAccelerator
0x00000000546ea000 	/System/Library/Frameworks/CoreVideo.framework/Versions/A/CoreVideo
0x00000000546ea000 	/usr/lib/libFosl_dynamic.dylib
0x00000000546ea000 	/System/Library/PrivateFrameworks/MetalPerformanceShaders.framework/Versions/A/MetalPerformanceShaders
0x00000000546ea000 	/System/Library/PrivateFrameworks/FaceCore.framework/Versions/A/FaceCore
0x00000000546ea000 	/System/Library/Frameworks/OpenCL.framework/Versions/A/OpenCL
0x00000000546ea000 	/System/Library/Frameworks/OpenGL.framework/Versions/A/Libraries/libGLU.dylib
0x00000000546ea000 	/System/Library/Frameworks/OpenGL.framework/Versions/A/Libraries/libGFXShared.dylib
0x00000000546ea000 	/System/Library/Frameworks/OpenGL.framework/Versions/A/Libraries/libGL.dylib
0x00000000546ea000 	/System/Library/Frameworks/OpenGL.framework/Versions/A/Libraries/libGLImage.dylib
0x00000000546ea000 	/System/Library/Frameworks/OpenGL.framework/Versions/A/Libraries/libCVMSPluginSupport.dylib
0x00000000546ea000 	/System/Library/Frameworks/OpenGL.framework/Versions/A/Libraries/libCoreVMClient.dylib
0x00000000546ea000 	/System/Library/PrivateFrameworks/CrashReporterSupport.framework/Versions/A/CrashReporterSupport
0x00000000546ea000 	/System/Library/PrivateFrameworks/Sharing.framework/Versions/A/Sharing
0x00000000546ea000 	/System/Library/PrivateFrameworks/IconServices.framework/Versions/A/IconServices
0x00000000546ea000 	/System/Library/PrivateFrameworks/ProtocolBuffer.framework/Versions/A/ProtocolBuffer
0x00000000546ea000 	/System/Library/PrivateFrameworks/Apple80211.framework/Versions/A/Apple80211
0x00000000546ea000 	/System/Library/Frameworks/CoreWLAN.framework/Versions/A/CoreWLAN
0x00000000546ea000 	/System/Library/PrivateFrameworks/CoreUtils.framework/Versions/A/CoreUtils
0x00000000546ea000 	/System/Library/Frameworks/IOBluetooth.framework/Versions/A/IOBluetooth
0x00000000546ea000 	/System/Library/PrivateFrameworks/CoreWiFi.framework/Versions/A/CoreWiFi
0x00000000546ea000 	/System/Library/Frameworks/CoreBluetooth.framework/Versions/A/CoreBluetooth
0x00000000546ea000 	/System/Library/Frameworks/CoreDisplay.framework/Versions/A/CoreDisplay
0x00000000546ea000 	/System/Library/PrivateFrameworks/IOPresentment.framework/Versions/A/IOPresentment
0x00000000546ea000 	/System/Library/PrivateFrameworks/DebugSymbols.framework/Versions/A/DebugSymbols
0x00000000546ea000 	/System/Library/PrivateFrameworks/CoreSymbolication.framework/Versions/A/CoreSymbolication
0x00000000546ea000 	/System/Library/PrivateFrameworks/Symbolication.framework/Versions/A/Symbolication
0x00000000546ea000 	/System/Library/PrivateFrameworks/AppleFSCompression.framework/Versions/A/AppleFSCompression
0x00000000546ea000 	/System/Library/PrivateFrameworks/SpeechRecognitionCore.framework/Versions/A/SpeechRecognitionCore
0x00000000546ea000 	/System/Library/PrivateFrameworks/ChunkingLibrary.framework/Versions/A/ChunkingLibrary
0x000000010d400000 	/Library/Java/JavaVirtualMachines/jdk1.8.0_102.jdk/Contents/Home/jre/lib/server/libjvm.dylib
0x00000000546ea000 	/usr/lib/libstdc++.6.dylib
0x000000010c370000 	/Library/Java/JavaVirtualMachines/jdk1.8.0_102.jdk/Contents/Home/jre/lib/libverify.dylib
0x000000010c37e000 	/Library/Java/JavaVirtualMachines/jdk1.8.0_102.jdk/Contents/Home/jre/lib/libjava.dylib
0x000000010c3bd000 	/Library/Java/JavaVirtualMachines/jdk1.8.0_102.jdk/Contents/Home/jre/lib/libzip.dylib
0x000000011242f000 	/System/Library/Frameworks/JavaVM.framework/Frameworks/JavaRuntimeSupport.framework/JavaRuntimeSupport
0x0000000112449000 	/System/Library/Frameworks/JavaVM.framework/Versions/A/Frameworks/JavaNativeFoundation.framework/Versions/A/JavaNativeFoundation
0x000000010c3ef000 	/System/Library/Frameworks/JavaVM.framework/Versions/A/JavaVM
0x00000000546ea000 	/System/Library/Frameworks/Carbon.framework/Versions/A/Carbon
0x000000011245e000 	/System/Library/PrivateFrameworks/JavaLaunching.framework/Versions/A/JavaLaunching
0x00000000546ea000 	/System/Library/Frameworks/Carbon.framework/Versions/A/Frameworks/CommonPanels.framework/Versions/A/CommonPanels
0x00000000546ea000 	/System/Library/Frameworks/Carbon.framework/Versions/A/Frameworks/Help.framework/Versions/A/Help
0x00000000546ea000 	/System/Library/Frameworks/Carbon.framework/Versions/A/Frameworks/ImageCapture.framework/Versions/A/ImageCapture
0x00000000546ea000 	/System/Library/Frameworks/Carbon.framework/Versions/A/Frameworks/OpenScripting.framework/Versions/A/OpenScripting
0x00000000546ea000 	/System/Library/Frameworks/Carbon.framework/Versions/A/Frameworks/Print.framework/Versions/A/Print
0x00000000546ea000 	/System/Library/Frameworks/Carbon.framework/Versions/A/Frameworks/SecurityHI.framework/Versions/A/SecurityHI
0x0000000112614000 	/Applications/IntelliJ IDEA CE.app/Contents/bin/libbreakgen64.jnilib
0x0000000112617000 	/Library/Java/JavaVirtualMachines/jdk1.8.0_102.jdk/Contents/Home/jre/lib/libnet.dylib
0x000000011267e000 	/Library/Java/JavaVirtualMachines/jdk1.8.0_102.jdk/Contents/Home/jre/lib/libsunec.dylib
0x00000001127b1000 	/Library/Java/JavaVirtualMachines/jdk1.8.0_102.jdk/Contents/Home/jre/lib/libnio.dylib
0x0000000112cf1000 	/Library/Java/JavaVirtualMachines/jdk1.8.0_102.jdk/Contents/Home/jre/lib/libawt.dylib
0x0000000112d99000 	/Library/Java/JavaVirtualMachines/jdk1.8.0_102.jdk/Contents/Home/jre/lib/./libmlib_image.dylib
0x0000000112e65000 	/Library/Java/JavaVirtualMachines/jdk1.8.0_102.jdk/Contents/Home/jre/lib/libawt_lwawt.dylib
0x0000000112715000 	/Library/Java/JavaVirtualMachines/jdk1.8.0_102.jdk/Contents/Home/jre/lib/./libosxapp.dylib
0x00000000546ea000 	/System/Library/Frameworks/ExceptionHandling.framework/Versions/A/ExceptionHandling
0x00000000546ea000 	/System/Library/PrivateFrameworks/CoreServicesInternal.framework/Versions/A/CoreServicesInternal
0x00000000546ea000 	/System/Library/CoreServices/RawCamera.bundle/Contents/MacOS/RawCamera
0x00000000546ea000 	/System/Library/Frameworks/Accelerate.framework/Versions/A/Frameworks/vImage.framework/Versions/A/Libraries/libCGInterfaces.dylib
0x00000000546ea000 	/System/Library/Frameworks/ApplicationServices.framework/Versions/A/Frameworks/ATS.framework/Versions/A/Resources/libTrueTypeScaler.dylib
0x00000000546ea000 	/System/Library/Frameworks/OpenGL.framework/Versions/A/Resources/GLEngine.bundle/GLEngine
0x00000000546ea000 	/System/Library/Frameworks/OpenGL.framework/Versions/A/Libraries/libGLProgrammability.dylib
0x000000012d9d9000 	/System/Library/Extensions/AppleIntelHD5000GraphicsGLDriver.bundle/Contents/MacOS/AppleIntelHD5000GraphicsGLDriver
0x00000000546ea000 	/System/Library/PrivateFrameworks/GPUSupport.framework/Versions/A/Libraries/libGPUSupportMercury.dylib
0x00000000546ea000 	/System/Library/Frameworks/OpenGL.framework/Versions/A/Resources/GLRendererFloat.bundle/GLRendererFloat
0x00000000546ea000 	/System/Library/Frameworks/OpenCL.framework/Versions/A/Libraries/libcldcpuengine.dylib
0x00000000546ea000 	/usr/lib/libcrypto.0.9.8.dylib
0x00000000546ea000 	/System/Library/PrivateFrameworks/TrustEvaluationAgent.framework/Versions/A/TrustEvaluationAgent
0x000000012e138000 	/System/Library/Extensions/AppleIntelHD5000GraphicsMTLDriver.bundle/Contents/MacOS/AppleIntelHD5000GraphicsMTLDriver
0x00000000546ea000 	/System/Library/PrivateFrameworks/FamilyControls.framework/Versions/A/FamilyControls
0x00000000546ea000 	/System/Library/PrivateFrameworks/CommerceKit.framework/Versions/A/Frameworks/CommerceCore.framework/Versions/A/CommerceCore
0x00000000546ea000 	/System/Library/PrivateFrameworks/SystemAdministration.framework/Versions/A/SystemAdministration
0x00000000546ea000 	/System/Library/PrivateFrameworks/AppContainer.framework/Versions/A/AppContainer
0x00000000546ea000 	/System/Library/PrivateFrameworks/SecCodeWrapper.framework/Versions/A/SecCodeWrapper
0x00000000546ea000 	/System/Library/Frameworks/DirectoryService.framework/Versions/A/DirectoryService
0x00000000546ea000 	/System/Library/PrivateFrameworks/DiskImages.framework/Versions/A/DiskImages
0x00000000546ea000 	/System/Library/PrivateFrameworks/LoginUIKit.framework/Versions/A/Frameworks/LoginUICore.framework/Versions/A/LoginUICore
0x00000000546ea000 	/usr/lib/libCoreStorage.dylib
0x00000000546ea000 	/usr/lib/libcsfde.dylib
0x00000000546ea000 	/usr/lib/libodfde.dylib
0x00000000546ea000 	/System/Library/Frameworks/DiscRecording.framework/Versions/A/DiscRecording
0x00000000546ea000 	/usr/lib/libcurl.4.dylib
0x00000000546ea000 	/System/Library/PrivateFrameworks/MediaKit.framework/Versions/A/MediaKit
0x00000000546ea000 	/System/Library/PrivateFrameworks/ProtectedCloudStorage.framework/Versions/A/ProtectedCloudStorage
0x00000000546ea000 	/System/Library/PrivateFrameworks/EFILogin.framework/Versions/A/EFILogin
0x00000000546ea000 	/usr/lib/libutil.dylib
0x00000000546ea000 	/System/Library/Frameworks/LDAP.framework/Versions/A/LDAP
0x00000000546ea000 	/usr/lib/libsasl2.2.dylib
0x00000000546ea000 	/System/Library/PrivateFrameworks/CoreDaemon.framework/Versions/B/CoreDaemon
0x00000000546ea000 	/System/Library/PrivateFrameworks/AppleSRP.framework/Versions/A/AppleSRP
0x00000000546ea000 	/System/Library/PrivateFrameworks/APFS.framework/Versions/A/APFS
0x00000001303f5000 	/Library/Java/JavaVirtualMachines/jdk1.8.0_102.jdk/Contents/Home/jre/lib/libfontmanager.dylib
0x000000013045c000 	/Library/Java/JavaVirtualMachines/jdk1.8.0_102.jdk/Contents/Home/jre/lib/libosxui.dylib
0x00000000546ea000 	/System/Library/PrivateFrameworks/ViewBridge.framework/Versions/A/ViewBridge
0x00000000546ea000 	/System/Library/PrivateFrameworks/XPCService.framework/Versions/A/XPCService
0x00000000546ea000 	/System/Library/PrivateFrameworks/AppSandbox.framework/Versions/A/AppSandbox
0x00000000546ea000 	/usr/lib/libsandbox.1.dylib
0x00000000546ea000 	/usr/lib/libMatch.1.dylib

VM Arguments:
jvm_args: -Didea.launcher.port=7541 -Didea.launcher.bin.path=/Applications/IntelliJ IDEA CE.app/Contents/bin -Dfile.encoding=UTF-8 
java_command: com.intellij.rt.execution.application.AppMain com.company.Main
java_class_path (initial): /Library/Java/JavaVirtualMachines/jdk1.8.0_102.jdk/Contents/Home/jre/lib/charsets.jar:/Library/Java/JavaVirtualMachines/jdk1.8.0_102.jdk/Contents/Home/jre/lib/deploy.jar:/Library/Java/JavaVirtualMachines/jdk1.8.0_102.jdk/Contents/Home/jre/lib/ext/cldrdata.jar:/Library/Java/JavaVirtualMachines/jdk1.8.0_102.jdk/Contents/Home/jre/lib/ext/dnsns.jar:/Library/Java/JavaVirtualMachines/jdk1.8.0_102.jdk/Contents/Home/jre/lib/ext/jaccess.jar:/Library/Java/JavaVirtualMachines/jdk1.8.0_102.jdk/Contents/Home/jre/lib/ext/jfxrt.jar:/Library/Java/JavaVirtualMachines/jdk1.8.0_102.jdk/Contents/Home/jre/lib/ext/localedata.jar:/Library/Java/JavaVirtualMachines/jdk1.8.0_102.jdk/Contents/Home/jre/lib/ext/nashorn.jar:/Library/Java/JavaVirtualMachines/jdk1.8.0_102.jdk/Contents/Home/jre/lib/ext/sunec.jar:/Library/Java/JavaVirtualMachines/jdk1.8.0_102.jdk/Contents/Home/jre/lib/ext/sunjce_provider.jar:/Library/Java/JavaVirtualMachines/jdk1.8.0_102.jdk/Contents/Home/jre/lib/ext/sunpkcs11.jar:/Library/Java/JavaVirtualMachines/jdk1.8.0_102.jdk/Contents/Home/jre/lib/ext/zipfs.jar:/Library/Java/JavaVirtualMachines/jdk1.8.0_102.jdk/Contents/Home/jre/lib/javaws.jar:/Library/Java/JavaVirtualMachines/jdk1.8.0_102.jdk/Contents/Home/jre/lib/jce.jar:/Library/Java/JavaVirtualMachines/jdk1.8.0_102.jdk/Contents/Home/jre/lib/jfr.jar:/Library/Java/JavaVirtualMachines/jdk1.8.0_102.jdk/Contents/Home/jre/lib/jfxswt.jar:/Library/Java/JavaVirtualMachines/jdk1.8.0_102.jdk/Contents/Home/jre/lib/jsse.jar:/Library/Java/JavaVirtualMachines/jdk1.8.0_102.jdk/Contents/Home/jre/lib/management-agent.jar:/Library/Java/JavaVirtualMachines/jdk1.8.0_102.jdk/Contents/Home/jre/lib/plugin.jar:/Library/Java/JavaVirtualMachines/jdk1.8.0_102.jdk/Contents/Home/jre/lib/resources.jar:/Library/Java/JavaVirtualMachines/jdk1.8.0_102.jdk/Contents/Home/jre/lib/rt.jar:/Library/Java/JavaVirtualMachines/jdk1.8.0_102.jdk/Contents/Home/lib/ant-javafx.jar:/Library/Java/JavaVirtualMachines/jdk1.8.0_102.jdk/Contents/Home
Launcher Type: SUN_STANDARD

Environment Variables:
PATH=/usr/bin:/bin:/usr/sbin:/sbin:/usr/local/bin
SHELL=/bin/bash

Signal Handlers:
SIGSEGV: [libjvm.dylib+0x5b0579], sa_mask[0]=11111111011111110111111111111111, sa_flags=SA_ONSTACK|SA_RESTART|SA_SIGINFO
SIGBUS: [libjvm.dylib+0x5b0579], sa_mask[0]=11111111011111110111111111111111, sa_flags=SA_RESTART|SA_SIGINFO
SIGFPE: [libjvm.dylib+0x4874e4], sa_mask[0]=11111111011111110111111111111111, sa_flags=SA_RESTART|SA_SIGINFO
SIGPIPE: [libjvm.dylib+0x4874e4], sa_mask[0]=11111111011111110111111111111111, sa_flags=SA_RESTART|SA_SIGINFO
SIGXFSZ: [libjvm.dylib+0x4874e4], sa_mask[0]=11111111011111110111111111111111, sa_flags=SA_RESTART|SA_SIGINFO
SIGILL: [libjvm.dylib+0x4874e4], sa_mask[0]=11111111011111110111111111111111, sa_flags=SA_RESTART|SA_SIGINFO
SIGUSR1: SIG_DFL, sa_mask[0]=00000000000000000000000000000000, sa_flags=none
SIGUSR2: [libjvm.dylib+0x487002], sa_mask[0]=00100000000000000000000000000000, sa_flags=SA_RESTART|SA_SIGINFO
SIGHUP: [libjvm.dylib+0x4855d9], sa_mask[0]=11111111011111110111111111111111, sa_flags=SA_RESTART|SA_SIGINFO
SIGINT: [libjvm.dylib+0x4855d9], sa_mask[0]=11111111011111110111111111111111, sa_flags=SA_RESTART|SA_SIGINFO
SIGTERM: [libjvm.dylib+0x4855d9], sa_mask[0]=11111111011111110111111111111111, sa_flags=SA_RESTART|SA_SIGINFO
SIGQUIT: [libjvm.dylib+0x4855d9], sa_mask[0]=11111111011111110111111111111111, sa_flags=SA_RESTART|SA_SIGINFO


---------------  S Y S T E M  ---------------

OS:Bsduname:Darwin 16.4.0 Darwin Kernel Version 16.4.0: Thu Dec 22 22:53:21 PST 2016; root:xnu-3789.41.3~3/RELEASE_X86_64 x86_64
rlimit: STACK 8192k, CORE 0k, NPROC 709, NOFILE 10240, AS infinity
load average:2.73 2.65 2.61

CPU:total 8 (4 cores per cpu, 2 threads per core) family 6 model 70 stepping 1, cmov, cx8, fxsr, mmx, sse, sse2, sse3, ssse3, sse4.1, sse4.2, popcnt, avx, avx2, aes, clmul, erms, lzcnt, ht, tsc, tscinvbit, bmi1, bmi2

Memory: 4k page, physical 16777216k(3022220k free)

/proc/meminfo:


vm_info: Java HotSpot(TM) 64-Bit Server VM (25.102-b14) for bsd-amd64 JRE (1.8.0_102-b14), built on Jun 22 2016 11:42:36 by "java_re" with gcc 4.2.1 (Based on Apple Inc. build 5658) (LLVM build 2336.11.00)

time: Sun Dec 24 23:16:49 2017
elapsed time: 1126 seconds (0d 0h 18m 46s)

